[debug] [2025-03-17T16:39:14.116Z] ----------------------------------------------------------------------
[debug] [2025-03-17T16:39:14.119Z] Command:       C:\Program Files\nodejs\node.exe C:\Users\Madhukar\AppData\Roaming\npm\node_modules\firebase-tools\lib\bin\firebase.js deploy --only functions
[debug] [2025-03-17T16:39:14.119Z] CLI Version:   13.34.0
[debug] [2025-03-17T16:39:14.119Z] Platform:      win32
[debug] [2025-03-17T16:39:14.119Z] Node Version:  v20.12.2
[debug] [2025-03-17T16:39:14.119Z] Time:          Mon Mar 17 2025 22:09:14 GMT+0530 (India Standard Time)
[debug] [2025-03-17T16:39:14.119Z] ----------------------------------------------------------------------
[debug] 
[debug] [2025-03-17T16:39:14.289Z] > command requires scopes: ["email","openid","https://www.googleapis.com/auth/cloudplatformprojects.readonly","https://www.googleapis.com/auth/firebase","https://www.googleapis.com/auth/cloud-platform"]
[debug] [2025-03-17T16:39:14.289Z] > authorizing via signed-in user (anveshnallamadha@gmail.com)
[debug] [2025-03-17T16:39:14.289Z] [iam] checking project labgear-2979e for permissions ["cloudfunctions.functions.create","cloudfunctions.functions.delete","cloudfunctions.functions.get","cloudfunctions.functions.list","cloudfunctions.functions.update","cloudfunctions.operations.get","firebase.projects.get"]
[debug] [2025-03-17T16:39:14.290Z] Checked if tokens are valid: true, expires at: 1742230726901
[debug] [2025-03-17T16:39:14.290Z] Checked if tokens are valid: true, expires at: 1742230726901
[debug] [2025-03-17T16:39:14.291Z] >>> [apiv2][query] POST https://cloudresourcemanager.googleapis.com/v1/projects/labgear-2979e:testIamPermissions [none]
[debug] [2025-03-17T16:39:14.291Z] >>> [apiv2][(partial)header] POST https://cloudresourcemanager.googleapis.com/v1/projects/labgear-2979e:testIamPermissions x-goog-quota-user=projects/labgear-2979e
[debug] [2025-03-17T16:39:14.292Z] >>> [apiv2][body] POST https://cloudresourcemanager.googleapis.com/v1/projects/labgear-2979e:testIamPermissions {"permissions":["cloudfunctions.functions.create","cloudfunctions.functions.delete","cloudfunctions.functions.get","cloudfunctions.functions.list","cloudfunctions.functions.update","cloudfunctions.operations.get","firebase.projects.get"]}
[debug] [2025-03-17T16:39:15.946Z] <<< [apiv2][status] POST https://cloudresourcemanager.googleapis.com/v1/projects/labgear-2979e:testIamPermissions 200
[debug] [2025-03-17T16:39:15.947Z] <<< [apiv2][body] POST https://cloudresourcemanager.googleapis.com/v1/projects/labgear-2979e:testIamPermissions {"permissions":["cloudfunctions.functions.create","cloudfunctions.functions.delete","cloudfunctions.functions.get","cloudfunctions.functions.list","cloudfunctions.functions.update","cloudfunctions.operations.get","firebase.projects.get"]}
[debug] [2025-03-17T16:39:15.947Z] Checked if tokens are valid: true, expires at: 1742230726901
[debug] [2025-03-17T16:39:15.947Z] Checked if tokens are valid: true, expires at: 1742230726901
[debug] [2025-03-17T16:39:15.947Z] >>> [apiv2][query] POST https://iam.googleapis.com/v1/projects/labgear-2979e/serviceAccounts/labgear-2979e@appspot.gserviceaccount.com:testIamPermissions [none]
[debug] [2025-03-17T16:39:15.947Z] >>> [apiv2][body] POST https://iam.googleapis.com/v1/projects/labgear-2979e/serviceAccounts/labgear-2979e@appspot.gserviceaccount.com:testIamPermissions {"permissions":["iam.serviceAccounts.actAs"]}
[debug] [2025-03-17T16:39:17.679Z] <<< [apiv2][status] POST https://iam.googleapis.com/v1/projects/labgear-2979e/serviceAccounts/labgear-2979e@appspot.gserviceaccount.com:testIamPermissions 200
[debug] [2025-03-17T16:39:17.680Z] <<< [apiv2][body] POST https://iam.googleapis.com/v1/projects/labgear-2979e/serviceAccounts/labgear-2979e@appspot.gserviceaccount.com:testIamPermissions {"permissions":["iam.serviceAccounts.actAs"]}
[info] 
[info] === Deploying to 'labgear-2979e'...
[info] 
[info] i  deploying functions 
[info] Running command: npm --prefix "$RESOURCE_DIR" run lint
[info] +  functions: Finished running predeploy script. 
[debug] [2025-03-17T16:39:18.869Z] Checked if tokens are valid: true, expires at: 1742230726901
[debug] [2025-03-17T16:39:18.869Z] Checked if tokens are valid: true, expires at: 1742230726901
[debug] [2025-03-17T16:39:18.869Z] >>> [apiv2][query] GET https://cloudresourcemanager.googleapis.com/v1/projects/labgear-2979e [none]
[debug] [2025-03-17T16:39:19.299Z] <<< [apiv2][status] GET https://cloudresourcemanager.googleapis.com/v1/projects/labgear-2979e 200
[debug] [2025-03-17T16:39:19.299Z] <<< [apiv2][body] GET https://cloudresourcemanager.googleapis.com/v1/projects/labgear-2979e {"projectNumber":"680397875552","projectId":"labgear-2979e","lifecycleState":"ACTIVE","name":"LabGear","labels":{"firebase":"enabled","firebase-core":"disabled"},"createTime":"2025-01-16T12:44:16.255998Z"}
[info] i  functions: preparing codebase default for deployment 
[info] i  functions: ensuring required API cloudfunctions.googleapis.com is enabled... 
[debug] [2025-03-17T16:39:19.300Z] Checked if tokens are valid: true, expires at: 1742230726901
[debug] [2025-03-17T16:39:19.300Z] Checked if tokens are valid: true, expires at: 1742230726901
[debug] [2025-03-17T16:39:19.301Z] Checked if tokens are valid: true, expires at: 1742230726901
[debug] [2025-03-17T16:39:19.301Z] Checked if tokens are valid: true, expires at: 1742230726901
[info] i  functions: ensuring required API cloudbuild.googleapis.com is enabled... 
[debug] [2025-03-17T16:39:19.301Z] Checked if tokens are valid: true, expires at: 1742230726901
[debug] [2025-03-17T16:39:19.301Z] Checked if tokens are valid: true, expires at: 1742230726901
[info] i  artifactregistry: ensuring required API artifactregistry.googleapis.com is enabled... 
[debug] [2025-03-17T16:39:19.302Z] Checked if tokens are valid: true, expires at: 1742230726901
[debug] [2025-03-17T16:39:19.302Z] Checked if tokens are valid: true, expires at: 1742230726901
[debug] [2025-03-17T16:39:19.302Z] >>> [apiv2][query] GET https://serviceusage.googleapis.com/v1/projects/labgear-2979e/services/cloudfunctions.googleapis.com [none]
[debug] [2025-03-17T16:39:19.302Z] >>> [apiv2][(partial)header] GET https://serviceusage.googleapis.com/v1/projects/labgear-2979e/services/cloudfunctions.googleapis.com x-goog-quota-user=projects/labgear-2979e
[debug] [2025-03-17T16:39:19.303Z] >>> [apiv2][query] GET https://serviceusage.googleapis.com/v1/projects/labgear-2979e/services/runtimeconfig.googleapis.com [none]
[debug] [2025-03-17T16:39:19.303Z] >>> [apiv2][(partial)header] GET https://serviceusage.googleapis.com/v1/projects/labgear-2979e/services/runtimeconfig.googleapis.com x-goog-quota-user=projects/labgear-2979e
[debug] [2025-03-17T16:39:19.304Z] >>> [apiv2][query] GET https://serviceusage.googleapis.com/v1/projects/labgear-2979e/services/cloudbuild.googleapis.com [none]
[debug] [2025-03-17T16:39:19.304Z] >>> [apiv2][(partial)header] GET https://serviceusage.googleapis.com/v1/projects/labgear-2979e/services/cloudbuild.googleapis.com x-goog-quota-user=projects/labgear-2979e
[debug] [2025-03-17T16:39:19.305Z] >>> [apiv2][query] GET https://serviceusage.googleapis.com/v1/projects/labgear-2979e/services/artifactregistry.googleapis.com [none]
[debug] [2025-03-17T16:39:19.305Z] >>> [apiv2][(partial)header] GET https://serviceusage.googleapis.com/v1/projects/labgear-2979e/services/artifactregistry.googleapis.com x-goog-quota-user=projects/labgear-2979e
[debug] [2025-03-17T16:39:21.218Z] <<< [apiv2][status] GET https://serviceusage.googleapis.com/v1/projects/labgear-2979e/services/runtimeconfig.googleapis.com 200
[debug] [2025-03-17T16:39:21.218Z] <<< [apiv2][body] GET https://serviceusage.googleapis.com/v1/projects/labgear-2979e/services/runtimeconfig.googleapis.com [omitted]
[debug] [2025-03-17T16:39:21.231Z] <<< [apiv2][status] GET https://serviceusage.googleapis.com/v1/projects/labgear-2979e/services/cloudfunctions.googleapis.com 200
[debug] [2025-03-17T16:39:21.231Z] <<< [apiv2][body] GET https://serviceusage.googleapis.com/v1/projects/labgear-2979e/services/cloudfunctions.googleapis.com [omitted]
[info] +  functions: required API cloudfunctions.googleapis.com is enabled 
[debug] [2025-03-17T16:39:21.240Z] <<< [apiv2][status] GET https://serviceusage.googleapis.com/v1/projects/labgear-2979e/services/cloudbuild.googleapis.com 200
[debug] [2025-03-17T16:39:21.240Z] <<< [apiv2][body] GET https://serviceusage.googleapis.com/v1/projects/labgear-2979e/services/cloudbuild.googleapis.com [omitted]
[info] +  functions: required API cloudbuild.googleapis.com is enabled 
[debug] [2025-03-17T16:39:21.257Z] <<< [apiv2][status] GET https://serviceusage.googleapis.com/v1/projects/labgear-2979e/services/artifactregistry.googleapis.com 200
[debug] [2025-03-17T16:39:21.257Z] <<< [apiv2][body] GET https://serviceusage.googleapis.com/v1/projects/labgear-2979e/services/artifactregistry.googleapis.com [omitted]
[info] +  artifactregistry: required API artifactregistry.googleapis.com is enabled 
[debug] [2025-03-17T16:39:21.257Z] Checked if tokens are valid: true, expires at: 1742230726901
[debug] [2025-03-17T16:39:21.257Z] Checked if tokens are valid: true, expires at: 1742230726901
[debug] [2025-03-17T16:39:21.258Z] >>> [apiv2][query] GET https://firebase.googleapis.com/v1beta1/projects/labgear-2979e/adminSdkConfig [none]
[debug] [2025-03-17T16:39:22.135Z] <<< [apiv2][status] GET https://firebase.googleapis.com/v1beta1/projects/labgear-2979e/adminSdkConfig 200
[debug] [2025-03-17T16:39:22.136Z] <<< [apiv2][body] GET https://firebase.googleapis.com/v1beta1/projects/labgear-2979e/adminSdkConfig {"projectId":"labgear-2979e","storageBucket":"labgear-2979e.firebasestorage.app"}
[debug] [2025-03-17T16:39:22.136Z] Checked if tokens are valid: true, expires at: 1742230726901
[debug] [2025-03-17T16:39:22.136Z] Checked if tokens are valid: true, expires at: 1742230726901
[debug] [2025-03-17T16:39:22.136Z] >>> [apiv2][query] GET https://runtimeconfig.googleapis.com/v1beta1/projects/labgear-2979e/configs [none]
[debug] [2025-03-17T16:39:22.696Z] <<< [apiv2][status] GET https://runtimeconfig.googleapis.com/v1beta1/projects/labgear-2979e/configs 200
[debug] [2025-03-17T16:39:22.696Z] <<< [apiv2][body] GET https://runtimeconfig.googleapis.com/v1beta1/projects/labgear-2979e/configs {"configs":[{"name":"projects/labgear-2979e/configs/gmail"}]}
[debug] [2025-03-17T16:39:22.696Z] Checked if tokens are valid: true, expires at: 1742230726901
[debug] [2025-03-17T16:39:22.696Z] Checked if tokens are valid: true, expires at: 1742230726901
[debug] [2025-03-17T16:39:22.696Z] >>> [apiv2][query] GET https://runtimeconfig.googleapis.com/v1beta1/projects/labgear-2979e/configs/gmail/variables [none]
[debug] [2025-03-17T16:39:23.026Z] <<< [apiv2][status] GET https://runtimeconfig.googleapis.com/v1beta1/projects/labgear-2979e/configs/gmail/variables 200
[debug] [2025-03-17T16:39:23.026Z] <<< [apiv2][body] GET https://runtimeconfig.googleapis.com/v1beta1/projects/labgear-2979e/configs/gmail/variables {"variables":[{"name":"projects/labgear-2979e/configs/gmail/variables/email","updateTime":"2025-03-17T15:46:30.747946908Z"},{"name":"projects/labgear-2979e/configs/gmail/variables/password","updateTime":"2025-03-17T15:46:31.535183755Z"}]}
[debug] [2025-03-17T16:39:23.027Z] Checked if tokens are valid: true, expires at: 1742230726901
[debug] [2025-03-17T16:39:23.027Z] Checked if tokens are valid: true, expires at: 1742230726901
[debug] [2025-03-17T16:39:23.027Z] Checked if tokens are valid: true, expires at: 1742230726901
[debug] [2025-03-17T16:39:23.027Z] Checked if tokens are valid: true, expires at: 1742230726901
[debug] [2025-03-17T16:39:23.027Z] >>> [apiv2][query] GET https://runtimeconfig.googleapis.com/v1beta1/projects/labgear-2979e/configs/gmail/variables/email [none]
[debug] [2025-03-17T16:39:23.027Z] >>> [apiv2][query] GET https://runtimeconfig.googleapis.com/v1beta1/projects/labgear-2979e/configs/gmail/variables/password [none]
[debug] [2025-03-17T16:39:23.380Z] <<< [apiv2][status] GET https://runtimeconfig.googleapis.com/v1beta1/projects/labgear-2979e/configs/gmail/variables/email 200
[debug] [2025-03-17T16:39:23.380Z] <<< [apiv2][body] GET https://runtimeconfig.googleapis.com/v1beta1/projects/labgear-2979e/configs/gmail/variables/email {"name":"projects/labgear-2979e/configs/gmail/variables/email","updateTime":"2025-03-17T15:46:30.747946908Z","text":"anveshnallamadha@gmail.com"}
[debug] [2025-03-17T16:39:23.680Z] <<< [apiv2][status] GET https://runtimeconfig.googleapis.com/v1beta1/projects/labgear-2979e/configs/gmail/variables/password 200
[debug] [2025-03-17T16:39:23.680Z] <<< [apiv2][body] GET https://runtimeconfig.googleapis.com/v1beta1/projects/labgear-2979e/configs/gmail/variables/password {"name":"projects/labgear-2979e/configs/gmail/variables/password","updateTime":"2025-03-17T15:46:31.535183755Z","text":"madhukar123"}
[debug] [2025-03-17T16:39:23.682Z] Validating nodejs source
[debug] [2025-03-17T16:39:25.159Z] > [functions] package.json contents: {
  "name": "functions",
  "description": "Cloud Functions for Firebase",
  "type": "commonjs",
  "scripts": {
    "lint": "eslint .",
    "serve": "firebase emulators:start --only functions",
    "shell": "firebase functions:shell",
    "start": "npm run shell",
    "deploy": "firebase deploy --only functions",
    "logs": "firebase functions:log"
  },
  "engines": {
    "node": "22"
  },
  "main": "index.js",
  "dependencies": {
    "@sendgrid/mail": "^8.1.4",
    "firebase-admin": "^12.6.0",
    "firebase-functions": "^6.0.1",
    "nodemailer": "^6.10.0"
  },
  "devDependencies": {
    "eslint": "^8.15.0",
    "eslint-config-google": "^0.14.0",
    "firebase-functions-test": "^3.1.0"
  },
  "private": true
}
[debug] [2025-03-17T16:39:25.159Z] Building nodejs source
[info] i  functions: Loading and analyzing source code for codebase default to determine what to deploy 
[debug] [2025-03-17T16:39:25.161Z] Could not find functions.yaml. Must use http discovery
[debug] [2025-03-17T16:39:25.170Z] Found firebase-functions binary at 'C:\Users\Madhukar\Desktop\major\LabGear\Project\functions\node_modules\.bin\firebase-functions'
[info] Serving at port 8129

[debug] [2025-03-17T16:39:25.845Z] Got response from /__/functions.yaml {"endpoints":{"sendWelcomeEmailOnCreate":{"availableMemoryMb":null,"timeoutSeconds":null,"minInstances":null,"maxInstances":null,"ingressSettings":null,"concurrency":null,"serviceAccountEmail":null,"vpc":null,"platform":"gcfv2","labels":{},"eventTrigger":{"eventType":"google.cloud.firestore.document.v1.created","eventFilters":{"database":"(default)","namespace":"(default)"},"eventFilterPathPatterns":{"document":"users/{userId}"},"retry":false},"entryPoint":"sendWelcomeEmailOnCreate"}},"specVersion":"v1alpha1","requiredAPIs":[],"extensions":{}}
[info] i  extensions: ensuring required API firebaseextensions.googleapis.com is enabled... 
[debug] [2025-03-17T16:39:30.887Z] Checked if tokens are valid: true, expires at: 1742230726901
[debug] [2025-03-17T16:39:30.887Z] Checked if tokens are valid: true, expires at: 1742230726901
[debug] [2025-03-17T16:39:30.887Z] >>> [apiv2][query] GET https://serviceusage.googleapis.com/v1/projects/labgear-2979e/services/firebaseextensions.googleapis.com [none]
[debug] [2025-03-17T16:39:30.887Z] >>> [apiv2][(partial)header] GET https://serviceusage.googleapis.com/v1/projects/labgear-2979e/services/firebaseextensions.googleapis.com x-goog-quota-user=projects/labgear-2979e
[debug] [2025-03-17T16:39:32.696Z] <<< [apiv2][status] GET https://serviceusage.googleapis.com/v1/projects/labgear-2979e/services/firebaseextensions.googleapis.com 200
[debug] [2025-03-17T16:39:32.696Z] <<< [apiv2][body] GET https://serviceusage.googleapis.com/v1/projects/labgear-2979e/services/firebaseextensions.googleapis.com [omitted]
[info] +  extensions: required API firebaseextensions.googleapis.com is enabled 
[debug] [2025-03-17T16:39:32.697Z] > command requires scopes: ["email","openid","https://www.googleapis.com/auth/cloudplatformprojects.readonly","https://www.googleapis.com/auth/firebase","https://www.googleapis.com/auth/cloud-platform"]
[debug] [2025-03-17T16:39:32.697Z] > authorizing via signed-in user (anveshnallamadha@gmail.com)
[debug] [2025-03-17T16:39:32.697Z] [iam] checking project labgear-2979e for permissions ["firebase.projects.get","firebaseextensions.instances.list"]
[debug] [2025-03-17T16:39:32.698Z] Checked if tokens are valid: true, expires at: 1742230726901
[debug] [2025-03-17T16:39:32.698Z] Checked if tokens are valid: true, expires at: 1742230726901
[debug] [2025-03-17T16:39:32.698Z] >>> [apiv2][query] POST https://cloudresourcemanager.googleapis.com/v1/projects/labgear-2979e:testIamPermissions [none]
[debug] [2025-03-17T16:39:32.698Z] >>> [apiv2][(partial)header] POST https://cloudresourcemanager.googleapis.com/v1/projects/labgear-2979e:testIamPermissions x-goog-quota-user=projects/labgear-2979e
[debug] [2025-03-17T16:39:32.698Z] >>> [apiv2][body] POST https://cloudresourcemanager.googleapis.com/v1/projects/labgear-2979e:testIamPermissions {"permissions":["firebase.projects.get","firebaseextensions.instances.list"]}
[debug] [2025-03-17T16:39:34.180Z] <<< [apiv2][status] POST https://cloudresourcemanager.googleapis.com/v1/projects/labgear-2979e:testIamPermissions 200
[debug] [2025-03-17T16:39:34.180Z] <<< [apiv2][body] POST https://cloudresourcemanager.googleapis.com/v1/projects/labgear-2979e:testIamPermissions {"permissions":["firebase.projects.get","firebaseextensions.instances.list"]}
[debug] [2025-03-17T16:39:34.181Z] Checked if tokens are valid: true, expires at: 1742230726901
[debug] [2025-03-17T16:39:34.181Z] Checked if tokens are valid: true, expires at: 1742230726901
[debug] [2025-03-17T16:39:34.181Z] >>> [apiv2][query] GET https://firebaseextensions.googleapis.com/v1beta/projects/labgear-2979e/instances pageSize=100&pageToken=
[debug] [2025-03-17T16:39:35.880Z] <<< [apiv2][status] GET https://firebaseextensions.googleapis.com/v1beta/projects/labgear-2979e/instances 200
[debug] [2025-03-17T16:39:35.880Z] <<< [apiv2][body] GET https://firebaseextensions.googleapis.com/v1beta/projects/labgear-2979e/instances {}
[info] i  functions: preparing functions directory for uploading... 
[info] i  functions: packaged C:\Users\Madhukar\Desktop\major\LabGear\Project\functions (72.46 KB) for uploading 
[debug] [2025-03-17T16:39:35.959Z] Checked if tokens are valid: true, expires at: 1742230726901
[debug] [2025-03-17T16:39:35.959Z] Checked if tokens are valid: true, expires at: 1742230726901
[debug] [2025-03-17T16:39:35.959Z] >>> [apiv2][query] GET https://cloudfunctions.googleapis.com/v1/projects/labgear-2979e/locations/-/functions [none]
[debug] [2025-03-17T16:39:37.891Z] <<< [apiv2][status] GET https://cloudfunctions.googleapis.com/v1/projects/labgear-2979e/locations/-/functions 200
[debug] [2025-03-17T16:39:37.891Z] <<< [apiv2][body] GET https://cloudfunctions.googleapis.com/v1/projects/labgear-2979e/locations/-/functions {}
[debug] [2025-03-17T16:39:37.892Z] Checked if tokens are valid: true, expires at: 1742230726901
[debug] [2025-03-17T16:39:37.892Z] Checked if tokens are valid: true, expires at: 1742230726901
[debug] [2025-03-17T16:39:37.892Z] >>> [apiv2][query] GET https://cloudfunctions.googleapis.com/v2/projects/labgear-2979e/locations/-/functions filter=environment%3D%22GEN_2%22
[debug] [2025-03-17T16:39:40.714Z] <<< [apiv2][status] GET https://cloudfunctions.googleapis.com/v2/projects/labgear-2979e/locations/-/functions 200
[debug] [2025-03-17T16:39:40.714Z] <<< [apiv2][body] GET https://cloudfunctions.googleapis.com/v2/projects/labgear-2979e/locations/-/functions {"functions":[{"name":"projects/labgear-2979e/locations/us-central1/functions/sendWelcomeEmail","buildConfig":{"build":"projects/680397875552/locations/us-central1/builds/79614fcf-2b24-4de8-905a-8e0a946ec98f","runtime":"nodejs22","entryPoint":"sendWelcomeEmail","source":{"storageSource":{"bucket":"gcf-v2-sources-680397875552-us-central1","object":"sendWelcomeEmail/function-source.zip","generation":"1742228988024750"}},"environmentVariables":{"GOOGLE_NODE_RUN_SCRIPTS":""},"dockerRepository":"projects/labgear-2979e/locations/us-central1/repositories/gcf-artifacts","sourceProvenance":{"resolvedStorageSource":{"bucket":"gcf-v2-sources-680397875552-us-central1","object":"sendWelcomeEmail/function-source.zip","generation":"1742228988024750"}},"dockerRegistry":"ARTIFACT_REGISTRY","serviceAccount":"projects/labgear-2979e/serviceAccounts/680397875552-compute@developer.gserviceaccount.com","automaticUpdatePolicy":{}},"state":"FAILED","updateTime":"2025-03-17T16:32:01.826067317Z","labels":{"deployment-tool":"cli-firebase","firebase-functions-hash":"cd5a7770d268e2cdfd0dd1ff12280edd82837ccf"},"stateMessages":[{"severity":"ERROR","type":"CloudRunServiceNotFound","message":"Cloud Run service projects/labgear-2979e/locations/us-central1/services/sendwelcomeemail for the function was not found. The function will not work correctly. Please redeploy."},{"severity":"ERROR","type":"EventarcTriggerNotFound","message":"Eventarc trigger projects/labgear-2979e/locations/asia-south1/triggers/sendwelcomeemail-252793 for the function was not found. The function may not work correctly. Please redeploy."}],"environment":"GEN_2","url":"https://us-central1-labgear-2979e.cloudfunctions.net/sendWelcomeEmail","createTime":"2025-03-17T16:29:50.512365054Z","satisfiesPzi":true}]}
[debug] [2025-03-17T16:39:40.717Z] Checked if tokens are valid: true, expires at: 1742230726901
[debug] [2025-03-17T16:39:40.717Z] Checked if tokens are valid: true, expires at: 1742230726901
[debug] [2025-03-17T16:39:40.717Z] >>> [apiv2][query] GET https://firestore.googleapis.com/v1/projects/labgear-2979e/databases/(default) [none]
[debug] [2025-03-17T16:39:41.229Z] <<< [apiv2][status] GET https://firestore.googleapis.com/v1/projects/labgear-2979e/databases/(default) 200
[debug] [2025-03-17T16:39:41.229Z] <<< [apiv2][body] GET https://firestore.googleapis.com/v1/projects/labgear-2979e/databases/(default) {"name":"projects/labgear-2979e/databases/(default)","uid":"ff299447-90f2-4e06-8d21-6fbec379b0e9","createTime":"2025-01-26T18:15:42.124441Z","updateTime":"2025-01-26T18:15:42.124441Z","locationId":"asia-south1","type":"FIRESTORE_NATIVE","concurrencyMode":"PESSIMISTIC","versionRetentionPeriod":"3600s","earliestVersionTime":"2025-03-17T15:39:40.756785Z","appEngineIntegrationMode":"DISABLED","keyPrefix":"j","pointInTimeRecoveryEnablement":"POINT_IN_TIME_RECOVERY_DISABLED","deleteProtectionState":"DELETE_PROTECTION_DISABLED","databaseEdition":"STANDARD","etag":"IJrqnPrGkYwDMMDD7YaSgIwD"}
[info] i  functions: ensuring required API run.googleapis.com is enabled... 
[debug] [2025-03-17T16:39:41.232Z] Checked if tokens are valid: true, expires at: 1742230726901
[debug] [2025-03-17T16:39:41.232Z] Checked if tokens are valid: true, expires at: 1742230726901
[info] i  functions: ensuring required API eventarc.googleapis.com is enabled... 
[debug] [2025-03-17T16:39:41.233Z] Checked if tokens are valid: true, expires at: 1742230726901
[debug] [2025-03-17T16:39:41.233Z] Checked if tokens are valid: true, expires at: 1742230726901
[info] i  functions: ensuring required API pubsub.googleapis.com is enabled... 
[debug] [2025-03-17T16:39:41.234Z] Checked if tokens are valid: true, expires at: 1742230726901
[debug] [2025-03-17T16:39:41.234Z] Checked if tokens are valid: true, expires at: 1742230726901
[info] i  functions: ensuring required API storage.googleapis.com is enabled... 
[debug] [2025-03-17T16:39:41.234Z] Checked if tokens are valid: true, expires at: 1742230726901
[debug] [2025-03-17T16:39:41.234Z] Checked if tokens are valid: true, expires at: 1742230726901
[debug] [2025-03-17T16:39:41.234Z] >>> [apiv2][query] GET https://serviceusage.googleapis.com/v1/projects/labgear-2979e/services/run.googleapis.com [none]
[debug] [2025-03-17T16:39:41.234Z] >>> [apiv2][(partial)header] GET https://serviceusage.googleapis.com/v1/projects/labgear-2979e/services/run.googleapis.com x-goog-quota-user=projects/labgear-2979e
[debug] [2025-03-17T16:39:41.237Z] >>> [apiv2][query] GET https://serviceusage.googleapis.com/v1/projects/labgear-2979e/services/eventarc.googleapis.com [none]
[debug] [2025-03-17T16:39:41.237Z] >>> [apiv2][(partial)header] GET https://serviceusage.googleapis.com/v1/projects/labgear-2979e/services/eventarc.googleapis.com x-goog-quota-user=projects/labgear-2979e
[debug] [2025-03-17T16:39:41.239Z] >>> [apiv2][query] GET https://serviceusage.googleapis.com/v1/projects/labgear-2979e/services/pubsub.googleapis.com [none]
[debug] [2025-03-17T16:39:41.239Z] >>> [apiv2][(partial)header] GET https://serviceusage.googleapis.com/v1/projects/labgear-2979e/services/pubsub.googleapis.com x-goog-quota-user=projects/labgear-2979e
[debug] [2025-03-17T16:39:41.241Z] >>> [apiv2][query] GET https://serviceusage.googleapis.com/v1/projects/labgear-2979e/services/storage.googleapis.com [none]
[debug] [2025-03-17T16:39:41.241Z] >>> [apiv2][(partial)header] GET https://serviceusage.googleapis.com/v1/projects/labgear-2979e/services/storage.googleapis.com x-goog-quota-user=projects/labgear-2979e
[debug] [2025-03-17T16:39:43.035Z] <<< [apiv2][status] GET https://serviceusage.googleapis.com/v1/projects/labgear-2979e/services/pubsub.googleapis.com 200
[debug] [2025-03-17T16:39:43.035Z] <<< [apiv2][body] GET https://serviceusage.googleapis.com/v1/projects/labgear-2979e/services/pubsub.googleapis.com [omitted]
[info] +  functions: required API pubsub.googleapis.com is enabled 
[debug] [2025-03-17T16:39:43.040Z] <<< [apiv2][status] GET https://serviceusage.googleapis.com/v1/projects/labgear-2979e/services/run.googleapis.com 200
[debug] [2025-03-17T16:39:43.041Z] <<< [apiv2][body] GET https://serviceusage.googleapis.com/v1/projects/labgear-2979e/services/run.googleapis.com [omitted]
[info] +  functions: required API run.googleapis.com is enabled 
[debug] [2025-03-17T16:39:43.051Z] <<< [apiv2][status] GET https://serviceusage.googleapis.com/v1/projects/labgear-2979e/services/eventarc.googleapis.com 200
[debug] [2025-03-17T16:39:43.051Z] <<< [apiv2][body] GET https://serviceusage.googleapis.com/v1/projects/labgear-2979e/services/eventarc.googleapis.com [omitted]
[info] +  functions: required API eventarc.googleapis.com is enabled 
[debug] [2025-03-17T16:39:43.059Z] <<< [apiv2][status] GET https://serviceusage.googleapis.com/v1/projects/labgear-2979e/services/storage.googleapis.com 200
[debug] [2025-03-17T16:39:43.059Z] <<< [apiv2][body] GET https://serviceusage.googleapis.com/v1/projects/labgear-2979e/services/storage.googleapis.com [omitted]
[info] +  functions: required API storage.googleapis.com is enabled 
[info] i  functions: generating the service identity for pubsub.googleapis.com... 
[debug] [2025-03-17T16:39:43.060Z] Checked if tokens are valid: true, expires at: 1742230726901
[debug] [2025-03-17T16:39:43.060Z] Checked if tokens are valid: true, expires at: 1742230726901
[info] i  functions: generating the service identity for eventarc.googleapis.com... 
[debug] [2025-03-17T16:39:43.060Z] Checked if tokens are valid: true, expires at: 1742230726901
[debug] [2025-03-17T16:39:43.060Z] Checked if tokens are valid: true, expires at: 1742230726901
[debug] [2025-03-17T16:39:43.060Z] >>> [apiv2][query] POST https://serviceusage.googleapis.com/v1beta1/projects/680397875552/services/pubsub.googleapis.com:generateServiceIdentity [none]
[debug] [2025-03-17T16:39:43.061Z] >>> [apiv2][query] POST https://serviceusage.googleapis.com/v1beta1/projects/680397875552/services/eventarc.googleapis.com:generateServiceIdentity [none]
[debug] [2025-03-17T16:39:43.642Z] <<< [apiv2][status] POST https://serviceusage.googleapis.com/v1beta1/projects/680397875552/services/pubsub.googleapis.com:generateServiceIdentity 200
[debug] [2025-03-17T16:39:43.642Z] <<< [apiv2][body] POST https://serviceusage.googleapis.com/v1beta1/projects/680397875552/services/pubsub.googleapis.com:generateServiceIdentity {"name":"operations/finished.DONE_OPERATION","done":true,"response":{"@type":"type.googleapis.com/google.api.serviceusage.v1beta1.ServiceIdentity","email":"service-680397875552@gcp-sa-pubsub.iam.gserviceaccount.com","uniqueId":"103833814715925317243"}}
[debug] [2025-03-17T16:39:43.692Z] <<< [apiv2][status] POST https://serviceusage.googleapis.com/v1beta1/projects/680397875552/services/eventarc.googleapis.com:generateServiceIdentity 200
[debug] [2025-03-17T16:39:43.693Z] <<< [apiv2][body] POST https://serviceusage.googleapis.com/v1beta1/projects/680397875552/services/eventarc.googleapis.com:generateServiceIdentity {"name":"operations/finished.DONE_OPERATION","done":true,"response":{"@type":"type.googleapis.com/google.api.serviceusage.v1beta1.ServiceIdentity","email":"service-680397875552@gcp-sa-eventarc.iam.gserviceaccount.com","uniqueId":"115631742230760913323"}}
[debug] [2025-03-17T16:39:43.696Z] Checked if tokens are valid: true, expires at: 1742230726901
[debug] [2025-03-17T16:39:43.696Z] Checked if tokens are valid: true, expires at: 1742230726901
[debug] [2025-03-17T16:39:43.696Z] >>> [apiv2][query] POST https://cloudresourcemanager.googleapis.com/v1/projects/680397875552:getIamPolicy [none]
[debug] [2025-03-17T16:39:45.279Z] <<< [apiv2][status] POST https://cloudresourcemanager.googleapis.com/v1/projects/680397875552:getIamPolicy 200
[debug] [2025-03-17T16:39:45.279Z] <<< [apiv2][body] POST https://cloudresourcemanager.googleapis.com/v1/projects/680397875552:getIamPolicy {"version":1,"etag":"BwYwjEwvqMM=","bindings":[{"role":"roles/artifactregistry.serviceAgent","members":["serviceAccount:service-680397875552@gcp-sa-artifactregistry.iam.gserviceaccount.com"]},{"role":"roles/cloudbuild.builds.builder","members":["serviceAccount:680397875552@cloudbuild.gserviceaccount.com"]},{"role":"roles/cloudbuild.serviceAgent","members":["serviceAccount:service-680397875552@gcp-sa-cloudbuild.iam.gserviceaccount.com"]},{"role":"roles/cloudfunctions.serviceAgent","members":["serviceAccount:service-680397875552@gcf-admin-robot.iam.gserviceaccount.com"]},{"role":"roles/containerregistry.ServiceAgent","members":["serviceAccount:service-680397875552@containerregistry.iam.gserviceaccount.com"]},{"role":"roles/editor","members":["serviceAccount:680397875552-compute@developer.gserviceaccount.com","serviceAccount:680397875552@cloudservices.gserviceaccount.com","serviceAccount:labgear-2979e@appspot.gserviceaccount.com"]},{"role":"roles/eventarc.eventReceiver","members":["serviceAccount:680397875552-compute@developer.gserviceaccount.com"]},{"role":"roles/eventarc.serviceAgent","members":["serviceAccount:service-680397875552@gcp-sa-eventarc.iam.gserviceaccount.com"]},{"role":"roles/firebase.managementServiceAgent","members":["serviceAccount:service-680397875552@gcp-sa-firebase.iam.gserviceaccount.com"]},{"role":"roles/firebase.sdkAdminServiceAgent","members":["serviceAccount:firebase-adminsdk-d319r@labgear-2979e.iam.gserviceaccount.com"]},{"role":"roles/firebaseauth.admin","members":["serviceAccount:firebase-adminsdk-d319r@labgear-2979e.iam.gserviceaccount.com"]},{"role":"roles/firebasedatabase.admin","members":["serviceAccount:firebase-adminsdk-d319r@labgear-2979e.iam.gserviceaccount.com"]},{"role":"roles/firebasemods.serviceAgent","members":["serviceAccount:service-680397875552@gcp-sa-firebasemods.iam.gserviceaccount.com"]},{"role":"roles/firebaserules.system","members":["serviceAccount:service-680397875552@firebase-rules.iam.gserviceaccount.com"]},{"role":"roles/firestore.serviceAgent","members":["serviceAccount:service-680397875552@gcp-sa-firestore.iam.gserviceaccount.com"]},{"role":"roles/iam.serviceAccountTokenCreator","members":["serviceAccount:firebase-adminsdk-d319r@labgear-2979e.iam.gserviceaccount.com","serviceAccount:service-680397875552@gcp-sa-pubsub.iam.gserviceaccount.com"]},{"role":"roles/owner","members":["user:Nithineruventi@gmail.com","user:anveshnallamadha@gmail.com"]},{"role":"roles/run.invoker","members":["serviceAccount:680397875552-compute@developer.gserviceaccount.com"]},{"role":"roles/run.serviceAgent","members":["serviceAccount:service-680397875552@serverless-robot-prod.iam.gserviceaccount.com"]}]}
[debug] [2025-03-17T16:39:45.280Z] Checked if tokens are valid: true, expires at: 1742230726901
[debug] [2025-03-17T16:39:45.281Z] Checked if tokens are valid: true, expires at: 1742230726901
[debug] [2025-03-17T16:39:45.281Z] >>> [apiv2][query] GET https://cloudresourcemanager.googleapis.com/v1/projects/labgear-2979e [none]
[debug] [2025-03-17T16:39:45.689Z] <<< [apiv2][status] GET https://cloudresourcemanager.googleapis.com/v1/projects/labgear-2979e 200
[debug] [2025-03-17T16:39:45.689Z] <<< [apiv2][body] GET https://cloudresourcemanager.googleapis.com/v1/projects/labgear-2979e {"projectNumber":"680397875552","projectId":"labgear-2979e","lifecycleState":"ACTIVE","name":"LabGear","labels":{"firebase":"enabled","firebase-core":"disabled"},"createTime":"2025-01-16T12:44:16.255998Z"}
[debug] [2025-03-17T16:39:45.692Z] Checked if tokens are valid: true, expires at: 1742230726901
[debug] [2025-03-17T16:39:45.692Z] Checked if tokens are valid: true, expires at: 1742230726901
[debug] [2025-03-17T16:39:45.692Z] >>> [apiv2][query] GET https://cloudbilling.googleapis.com/v1/projects/labgear-2979e/billingInfo [none]
[debug] [2025-03-17T16:39:47.155Z] <<< [apiv2][status] GET https://cloudbilling.googleapis.com/v1/projects/labgear-2979e/billingInfo 200
[debug] [2025-03-17T16:39:47.156Z] <<< [apiv2][body] GET https://cloudbilling.googleapis.com/v1/projects/labgear-2979e/billingInfo {"name":"projects/labgear-2979e/billingInfo","projectId":"labgear-2979e","billingAccountName":"billingAccounts/01CE3A-E356AF-56CCDB","billingEnabled":true}
[debug] [2025-03-17T16:39:47.160Z] Checked if tokens are valid: true, expires at: 1742230726901
[debug] [2025-03-17T16:39:47.160Z] Checked if tokens are valid: true, expires at: 1742230726901
[debug] [2025-03-17T16:39:47.160Z] >>> [apiv2][query] POST https://cloudfunctions.googleapis.com/v2/projects/labgear-2979e/locations/us-central1/functions:generateUploadUrl [none]
[debug] [2025-03-17T16:39:49.071Z] <<< [apiv2][status] POST https://cloudfunctions.googleapis.com/v2/projects/labgear-2979e/locations/us-central1/functions:generateUploadUrl 200
[debug] [2025-03-17T16:39:49.071Z] <<< [apiv2][body] POST https://cloudfunctions.googleapis.com/v2/projects/labgear-2979e/locations/us-central1/functions:generateUploadUrl {"uploadUrl":"https://storage.googleapis.com/gcf-v2-uploads-680397875552.us-central1.cloudfunctions.appspot.com/f3080db7-4bf2-4dd7-94e2-a5b3b415c3aa.zip?GoogleAccessId=service-680397875552@gcf-admin-robot.iam.gserviceaccount.com&Expires=1742231388&Signature=Wwtj7zbm1nzNzeJUP%2BPhMw%2BGcyZb1iFMx0FhuBnrFtrl6fz8NEneQ6fztA%2F3zyrSCU%2FKFEJOV09y4G3XK4AUrd0UvAHUv6VFQ3UMjYVhrMnRP%2BQUbyuXt%2BE7UBZss8J5doclYacg8pTztpsCgJgE7K%2BGrCIlfvc101qbSyuRqNlba9U8yebOASo%2BFfpiDNJdKyN%2BqNiEgQvD1Hy2t3pKNgOdo72K8wNwgjgRKFu%2Fg8mRPcegthPbjgSY8sIkVxs%2FfUZHmnplU%2BywInppcTkQmTfnrH2EMJdcJRmztVeQLRqIdJ%2FdspF4e1YZ5MoIEipt04WIcMX0jumXPnRw6cWcYA%3D%3D","storageSource":{"bucket":"gcf-v2-uploads-680397875552.us-central1.cloudfunctions.appspot.com","object":"f3080db7-4bf2-4dd7-94e2-a5b3b415c3aa.zip"}}
[debug] [2025-03-17T16:39:49.072Z] >>> [apiv2][query] PUT https://storage.googleapis.com/gcf-v2-uploads-680397875552.us-central1.cloudfunctions.appspot.com/f3080db7-4bf2-4dd7-94e2-a5b3b415c3aa.zip GoogleAccessId=service-680397875552%40gcf-admin-robot.iam.gserviceaccount.com&Expires=1742231388&Signature=Wwtj7zbm1nzNzeJUP%2BPhMw%2BGcyZb1iFMx0FhuBnrFtrl6fz8NEneQ6fztA%2F3zyrSCU%2FKFEJOV09y4G3XK4AUrd0UvAHUv6VFQ3UMjYVhrMnRP%2BQUbyuXt%2BE7UBZss8J5doclYacg8pTztpsCgJgE7K%2BGrCIlfvc101qbSyuRqNlba9U8yebOASo%2BFfpiDNJdKyN%2BqNiEgQvD1Hy2t3pKNgOdo72K8wNwgjgRKFu%2Fg8mRPcegthPbjgSY8sIkVxs%2FfUZHmnplU%2BywInppcTkQmTfnrH2EMJdcJRmztVeQLRqIdJ%2FdspF4e1YZ5MoIEipt04WIcMX0jumXPnRw6cWcYA%3D%3D
[debug] [2025-03-17T16:39:49.072Z] >>> [apiv2][body] PUT https://storage.googleapis.com/gcf-v2-uploads-680397875552.us-central1.cloudfunctions.appspot.com/f3080db7-4bf2-4dd7-94e2-a5b3b415c3aa.zip [stream]
[debug] [2025-03-17T16:39:50.175Z] <<< [apiv2][status] PUT https://storage.googleapis.com/gcf-v2-uploads-680397875552.us-central1.cloudfunctions.appspot.com/f3080db7-4bf2-4dd7-94e2-a5b3b415c3aa.zip 200
[debug] [2025-03-17T16:39:50.175Z] <<< [apiv2][body] PUT https://storage.googleapis.com/gcf-v2-uploads-680397875552.us-central1.cloudfunctions.appspot.com/f3080db7-4bf2-4dd7-94e2-a5b3b415c3aa.zip [omitted]
[info] +  functions: functions folder uploaded successfully 
[info] i  functions: creating Node.js 22 (2nd Gen) function sendWelcomeEmailOnCreate(us-central1)... 
[debug] [2025-03-17T16:39:50.182Z] Checked if tokens are valid: true, expires at: 1742230726901
[debug] [2025-03-17T16:39:50.182Z] Checked if tokens are valid: true, expires at: 1742230726901
[debug] [2025-03-17T16:39:50.182Z] >>> [apiv2][query] POST https://cloudfunctions.googleapis.com/v2/projects/labgear-2979e/locations/us-central1/functions functionId=sendWelcomeEmailOnCreate
[debug] [2025-03-17T16:39:50.182Z] >>> [apiv2][body] POST https://cloudfunctions.googleapis.com/v2/projects/labgear-2979e/locations/us-central1/functions {"name":"projects/labgear-2979e/locations/us-central1/functions/sendWelcomeEmailOnCreate","buildConfig":{"runtime":"nodejs22","entryPoint":"sendWelcomeEmailOnCreate","source":{"storageSource":{"bucket":"gcf-v2-uploads-680397875552.us-central1.cloudfunctions.appspot.com","object":"f3080db7-4bf2-4dd7-94e2-a5b3b415c3aa.zip"}},"environmentVariables":{"GOOGLE_NODE_RUN_SCRIPTS":""}},"serviceConfig":{"environmentVariables":{"FIREBASE_CONFIG":"{\"projectId\":\"labgear-2979e\",\"storageBucket\":\"labgear-2979e.firebasestorage.app\"}","GCLOUD_PROJECT":"labgear-2979e","EVENTARC_CLOUD_EVENT_SOURCE":"projects/labgear-2979e/locations/us-central1/services/sendWelcomeEmailOnCreate","FUNCTION_SIGNATURE_TYPE":"cloudevent","FUNCTION_TARGET":"sendWelcomeEmailOnCreate","LOG_EXECUTION_ID":"true"},"ingressSettings":null,"timeoutSeconds":null,"serviceAccountEmail":null,"availableMemory":"256Mi","minInstanceCount":null,"maxInstanceCount":null,"maxInstanceRequestConcurrency":80,"availableCpu":"1","vpcConnector":null,"vpcConnectorEgressSettings":null},"labels":{"deployment-tool":"cli-firebase","firebase-functions-hash":"bb56bb10c2f46964ff5e310c0253b578be78a60e"},"eventTrigger":{"eventType":"google.cloud.firestore.document.v1.created","retryPolicy":"RETRY_POLICY_DO_NOT_RETRY","eventFilters":[{"attribute":"database","value":"(default)"},{"attribute":"namespace","value":"(default)"},{"attribute":"document","value":"users/{userId}","operator":"match-path-pattern"}],"triggerRegion":"asia-south1"}}
[debug] [2025-03-17T16:39:54.086Z] <<< [apiv2][status] POST https://cloudfunctions.googleapis.com/v2/projects/labgear-2979e/locations/us-central1/functions 200
[debug] [2025-03-17T16:39:54.087Z] <<< [apiv2][body] POST https://cloudfunctions.googleapis.com/v2/projects/labgear-2979e/locations/us-central1/functions {"name":"projects/labgear-2979e/locations/us-central1/operations/operation-1742229590950-6308c6fe2c2b0-52dbc0db-012148e8","metadata":{"@type":"type.googleapis.com/google.cloud.functions.v2.OperationMetadata","createTime":"2025-03-17T16:39:53.518632656Z","target":"projects/labgear-2979e/locations/us-central1/functions/sendWelcomeEmailOnCreate","verb":"create","cancelRequested":false,"apiVersion":"v2"},"done":false}
[debug] [2025-03-17T16:39:54.088Z] Checked if tokens are valid: true, expires at: 1742230726901
[debug] [2025-03-17T16:39:54.088Z] Checked if tokens are valid: true, expires at: 1742230726901
[debug] [2025-03-17T16:39:54.089Z] >>> [apiv2][query] GET https://cloudfunctions.googleapis.com/v2/projects/labgear-2979e/locations/us-central1/operations/operation-1742229590950-6308c6fe2c2b0-52dbc0db-012148e8 [none]
[debug] [2025-03-17T16:39:55.416Z] <<< [apiv2][status] GET https://cloudfunctions.googleapis.com/v2/projects/labgear-2979e/locations/us-central1/operations/operation-1742229590950-6308c6fe2c2b0-52dbc0db-012148e8 200
[debug] [2025-03-17T16:39:55.417Z] <<< [apiv2][body] GET https://cloudfunctions.googleapis.com/v2/projects/labgear-2979e/locations/us-central1/operations/operation-1742229590950-6308c6fe2c2b0-52dbc0db-012148e8 {"name":"projects/labgear-2979e/locations/us-central1/operations/operation-1742229590950-6308c6fe2c2b0-52dbc0db-012148e8","metadata":{"@type":"type.googleapis.com/google.cloud.functions.v2.OperationMetadata","createTime":"2025-03-17T16:39:53.518632656Z","target":"projects/labgear-2979e/locations/us-central1/functions/sendWelcomeEmailOnCreate","verb":"create","cancelRequested":false,"apiVersion":"v2","requestResource":{"@type":"type.googleapis.com/google.cloud.functions.v2.Function","name":"projects/labgear-2979e/locations/us-central1/functions/sendWelcomeEmailOnCreate","buildConfig":{"runtime":"nodejs22","entryPoint":"sendWelcomeEmailOnCreate","source":{"storageSource":{"bucket":"gcf-v2-sources-680397875552-us-central1","object":"sendWelcomeEmailOnCreate/function-source.zip","generation":"1742229591212118"}},"environmentVariables":{"GOOGLE_NODE_RUN_SCRIPTS":""},"serviceAccount":"projects/labgear-2979e/serviceAccounts/680397875552-compute@developer.gserviceaccount.com","automaticUpdatePolicy":{}},"serviceConfig":{"service":"projects/labgear-2979e/locations/us-central1/services/sendwelcomeemailoncreate","timeoutSeconds":60,"environmentVariables":{"FIREBASE_CONFIG":"{\"projectId\":\"labgear-2979e\",\"storageBucket\":\"labgear-2979e.firebasestorage.app\"}","GCLOUD_PROJECT":"labgear-2979e","EVENTARC_CLOUD_EVENT_SOURCE":"projects/labgear-2979e/locations/us-central1/services/sendWelcomeEmailOnCreate","FUNCTION_SIGNATURE_TYPE":"cloudevent","FUNCTION_TARGET":"sendWelcomeEmailOnCreate","LOG_EXECUTION_ID":"true"},"ingressSettings":"ALLOW_ALL","serviceAccountEmail":"680397875552-compute@developer.gserviceaccount.com","availableMemory":"256Mi","maxInstanceRequestConcurrency":80,"availableCpu":"1"},"eventTrigger":{"trigger":"projects/labgear-2979e/locations/asia-south1/triggers/sendwelcomeemailoncreate-054792","triggerRegion":"asia-south1","eventType":"google.cloud.firestore.document.v1.created","eventFilters":[{"attribute":"database","value":"(default)"},{"attribute":"namespace","value":"(default)"},{"attribute":"document","value":"users/{userId}","operator":"match-path-pattern"}],"serviceAccountEmail":"680397875552-compute@developer.gserviceaccount.com","retryPolicy":"RETRY_POLICY_DO_NOT_RETRY"},"labels":{"deployment-tool":"cli-firebase","firebase-functions-hash":"bb56bb10c2f46964ff5e310c0253b578be78a60e"},"environment":"GEN_2"},"stages":[{"name":"BUILD","message":"Build in progress","state":"IN_PROGRESS","resource":"projects/680397875552/locations/us-central1/builds/33868ed0-4bd8-421b-a049-7347c9caf0b3","resourceUri":"https://console.cloud.google.com/cloud-build/builds;region=us-central1/33868ed0-4bd8-421b-a049-7347c9caf0b3?project=680397875552"},{"name":"SERVICE","state":"NOT_STARTED"},{"name":"TRIGGER","state":"NOT_STARTED"}],"operationType":"CREATE_FUNCTION","buildName":"projects/680397875552/locations/us-central1/builds/33868ed0-4bd8-421b-a049-7347c9caf0b3"},"done":false}
[debug] [2025-03-17T16:39:55.923Z] [create-default-us-central1-sendWelcomeEmailOnCreate] Retrying task index 0
[debug] [2025-03-17T16:39:55.923Z] Checked if tokens are valid: true, expires at: 1742230726901
[debug] [2025-03-17T16:39:55.923Z] Checked if tokens are valid: true, expires at: 1742230726901
[debug] [2025-03-17T16:39:55.923Z] >>> [apiv2][query] GET https://cloudfunctions.googleapis.com/v2/projects/labgear-2979e/locations/us-central1/operations/operation-1742229590950-6308c6fe2c2b0-52dbc0db-012148e8 [none]
[debug] [2025-03-17T16:39:57.260Z] <<< [apiv2][status] GET https://cloudfunctions.googleapis.com/v2/projects/labgear-2979e/locations/us-central1/operations/operation-1742229590950-6308c6fe2c2b0-52dbc0db-012148e8 200
[debug] [2025-03-17T16:39:57.261Z] <<< [apiv2][body] GET https://cloudfunctions.googleapis.com/v2/projects/labgear-2979e/locations/us-central1/operations/operation-1742229590950-6308c6fe2c2b0-52dbc0db-012148e8 {"name":"projects/labgear-2979e/locations/us-central1/operations/operation-1742229590950-6308c6fe2c2b0-52dbc0db-012148e8","metadata":{"@type":"type.googleapis.com/google.cloud.functions.v2.OperationMetadata","createTime":"2025-03-17T16:39:53.518632656Z","target":"projects/labgear-2979e/locations/us-central1/functions/sendWelcomeEmailOnCreate","verb":"create","cancelRequested":false,"apiVersion":"v2","requestResource":{"@type":"type.googleapis.com/google.cloud.functions.v2.Function","name":"projects/labgear-2979e/locations/us-central1/functions/sendWelcomeEmailOnCreate","buildConfig":{"runtime":"nodejs22","entryPoint":"sendWelcomeEmailOnCreate","source":{"storageSource":{"bucket":"gcf-v2-sources-680397875552-us-central1","object":"sendWelcomeEmailOnCreate/function-source.zip","generation":"1742229591212118"}},"environmentVariables":{"GOOGLE_NODE_RUN_SCRIPTS":""},"serviceAccount":"projects/labgear-2979e/serviceAccounts/680397875552-compute@developer.gserviceaccount.com","automaticUpdatePolicy":{}},"serviceConfig":{"service":"projects/labgear-2979e/locations/us-central1/services/sendwelcomeemailoncreate","timeoutSeconds":60,"environmentVariables":{"FIREBASE_CONFIG":"{\"projectId\":\"labgear-2979e\",\"storageBucket\":\"labgear-2979e.firebasestorage.app\"}","GCLOUD_PROJECT":"labgear-2979e","EVENTARC_CLOUD_EVENT_SOURCE":"projects/labgear-2979e/locations/us-central1/services/sendWelcomeEmailOnCreate","FUNCTION_SIGNATURE_TYPE":"cloudevent","FUNCTION_TARGET":"sendWelcomeEmailOnCreate","LOG_EXECUTION_ID":"true"},"ingressSettings":"ALLOW_ALL","serviceAccountEmail":"680397875552-compute@developer.gserviceaccount.com","availableMemory":"256Mi","maxInstanceRequestConcurrency":80,"availableCpu":"1"},"eventTrigger":{"trigger":"projects/labgear-2979e/locations/asia-south1/triggers/sendwelcomeemailoncreate-054792","triggerRegion":"asia-south1","eventType":"google.cloud.firestore.document.v1.created","eventFilters":[{"attribute":"database","value":"(default)"},{"attribute":"namespace","value":"(default)"},{"attribute":"document","value":"users/{userId}","operator":"match-path-pattern"}],"serviceAccountEmail":"680397875552-compute@developer.gserviceaccount.com","retryPolicy":"RETRY_POLICY_DO_NOT_RETRY"},"labels":{"deployment-tool":"cli-firebase","firebase-functions-hash":"bb56bb10c2f46964ff5e310c0253b578be78a60e"},"environment":"GEN_2"},"stages":[{"name":"BUILD","message":"Build in progress","state":"IN_PROGRESS","resource":"projects/680397875552/locations/us-central1/builds/33868ed0-4bd8-421b-a049-7347c9caf0b3","resourceUri":"https://console.cloud.google.com/cloud-build/builds;region=us-central1/33868ed0-4bd8-421b-a049-7347c9caf0b3?project=680397875552"},{"name":"SERVICE","state":"NOT_STARTED"},{"name":"TRIGGER","state":"NOT_STARTED"}],"operationType":"CREATE_FUNCTION","buildName":"projects/680397875552/locations/us-central1/builds/33868ed0-4bd8-421b-a049-7347c9caf0b3"},"done":false}
[debug] [2025-03-17T16:39:58.273Z] [create-default-us-central1-sendWelcomeEmailOnCreate] Retrying task index 0
[debug] [2025-03-17T16:39:58.274Z] Checked if tokens are valid: true, expires at: 1742230726901
[debug] [2025-03-17T16:39:58.274Z] Checked if tokens are valid: true, expires at: 1742230726901
[debug] [2025-03-17T16:39:58.274Z] >>> [apiv2][query] GET https://cloudfunctions.googleapis.com/v2/projects/labgear-2979e/locations/us-central1/operations/operation-1742229590950-6308c6fe2c2b0-52dbc0db-012148e8 [none]
[debug] [2025-03-17T16:39:59.714Z] <<< [apiv2][status] GET https://cloudfunctions.googleapis.com/v2/projects/labgear-2979e/locations/us-central1/operations/operation-1742229590950-6308c6fe2c2b0-52dbc0db-012148e8 200
[debug] [2025-03-17T16:39:59.714Z] <<< [apiv2][body] GET https://cloudfunctions.googleapis.com/v2/projects/labgear-2979e/locations/us-central1/operations/operation-1742229590950-6308c6fe2c2b0-52dbc0db-012148e8 {"name":"projects/labgear-2979e/locations/us-central1/operations/operation-1742229590950-6308c6fe2c2b0-52dbc0db-012148e8","metadata":{"@type":"type.googleapis.com/google.cloud.functions.v2.OperationMetadata","createTime":"2025-03-17T16:39:53.518632656Z","target":"projects/labgear-2979e/locations/us-central1/functions/sendWelcomeEmailOnCreate","verb":"create","cancelRequested":false,"apiVersion":"v2","requestResource":{"@type":"type.googleapis.com/google.cloud.functions.v2.Function","name":"projects/labgear-2979e/locations/us-central1/functions/sendWelcomeEmailOnCreate","buildConfig":{"runtime":"nodejs22","entryPoint":"sendWelcomeEmailOnCreate","source":{"storageSource":{"bucket":"gcf-v2-sources-680397875552-us-central1","object":"sendWelcomeEmailOnCreate/function-source.zip","generation":"1742229591212118"}},"environmentVariables":{"GOOGLE_NODE_RUN_SCRIPTS":""},"serviceAccount":"projects/labgear-2979e/serviceAccounts/680397875552-compute@developer.gserviceaccount.com","automaticUpdatePolicy":{}},"serviceConfig":{"service":"projects/labgear-2979e/locations/us-central1/services/sendwelcomeemailoncreate","timeoutSeconds":60,"environmentVariables":{"FIREBASE_CONFIG":"{\"projectId\":\"labgear-2979e\",\"storageBucket\":\"labgear-2979e.firebasestorage.app\"}","GCLOUD_PROJECT":"labgear-2979e","EVENTARC_CLOUD_EVENT_SOURCE":"projects/labgear-2979e/locations/us-central1/services/sendWelcomeEmailOnCreate","FUNCTION_SIGNATURE_TYPE":"cloudevent","FUNCTION_TARGET":"sendWelcomeEmailOnCreate","LOG_EXECUTION_ID":"true"},"ingressSettings":"ALLOW_ALL","serviceAccountEmail":"680397875552-compute@developer.gserviceaccount.com","availableMemory":"256Mi","maxInstanceRequestConcurrency":80,"availableCpu":"1"},"eventTrigger":{"trigger":"projects/labgear-2979e/locations/asia-south1/triggers/sendwelcomeemailoncreate-054792","triggerRegion":"asia-south1","eventType":"google.cloud.firestore.document.v1.created","eventFilters":[{"attribute":"database","value":"(default)"},{"attribute":"namespace","value":"(default)"},{"attribute":"document","value":"users/{userId}","operator":"match-path-pattern"}],"serviceAccountEmail":"680397875552-compute@developer.gserviceaccount.com","retryPolicy":"RETRY_POLICY_DO_NOT_RETRY"},"labels":{"deployment-tool":"cli-firebase","firebase-functions-hash":"bb56bb10c2f46964ff5e310c0253b578be78a60e"},"environment":"GEN_2"},"stages":[{"name":"BUILD","message":"Build in progress","state":"IN_PROGRESS","resource":"projects/680397875552/locations/us-central1/builds/33868ed0-4bd8-421b-a049-7347c9caf0b3","resourceUri":"https://console.cloud.google.com/cloud-build/builds;region=us-central1/33868ed0-4bd8-421b-a049-7347c9caf0b3?project=680397875552"},{"name":"SERVICE","state":"NOT_STARTED"},{"name":"TRIGGER","state":"NOT_STARTED"}],"operationType":"CREATE_FUNCTION","buildName":"projects/680397875552/locations/us-central1/builds/33868ed0-4bd8-421b-a049-7347c9caf0b3"},"done":false}
[debug] [2025-03-17T16:40:01.726Z] [create-default-us-central1-sendWelcomeEmailOnCreate] Retrying task index 0
[debug] [2025-03-17T16:40:01.726Z] Checked if tokens are valid: true, expires at: 1742230726901
[debug] [2025-03-17T16:40:01.726Z] Checked if tokens are valid: true, expires at: 1742230726901
[debug] [2025-03-17T16:40:01.726Z] >>> [apiv2][query] GET https://cloudfunctions.googleapis.com/v2/projects/labgear-2979e/locations/us-central1/operations/operation-1742229590950-6308c6fe2c2b0-52dbc0db-012148e8 [none]
[debug] [2025-03-17T16:40:03.132Z] <<< [apiv2][status] GET https://cloudfunctions.googleapis.com/v2/projects/labgear-2979e/locations/us-central1/operations/operation-1742229590950-6308c6fe2c2b0-52dbc0db-012148e8 200
[debug] [2025-03-17T16:40:03.132Z] <<< [apiv2][body] GET https://cloudfunctions.googleapis.com/v2/projects/labgear-2979e/locations/us-central1/operations/operation-1742229590950-6308c6fe2c2b0-52dbc0db-012148e8 {"name":"projects/labgear-2979e/locations/us-central1/operations/operation-1742229590950-6308c6fe2c2b0-52dbc0db-012148e8","metadata":{"@type":"type.googleapis.com/google.cloud.functions.v2.OperationMetadata","createTime":"2025-03-17T16:39:53.518632656Z","target":"projects/labgear-2979e/locations/us-central1/functions/sendWelcomeEmailOnCreate","verb":"create","cancelRequested":false,"apiVersion":"v2","requestResource":{"@type":"type.googleapis.com/google.cloud.functions.v2.Function","name":"projects/labgear-2979e/locations/us-central1/functions/sendWelcomeEmailOnCreate","buildConfig":{"runtime":"nodejs22","entryPoint":"sendWelcomeEmailOnCreate","source":{"storageSource":{"bucket":"gcf-v2-sources-680397875552-us-central1","object":"sendWelcomeEmailOnCreate/function-source.zip","generation":"1742229591212118"}},"environmentVariables":{"GOOGLE_NODE_RUN_SCRIPTS":""},"serviceAccount":"projects/labgear-2979e/serviceAccounts/680397875552-compute@developer.gserviceaccount.com","automaticUpdatePolicy":{}},"serviceConfig":{"service":"projects/labgear-2979e/locations/us-central1/services/sendwelcomeemailoncreate","timeoutSeconds":60,"environmentVariables":{"FIREBASE_CONFIG":"{\"projectId\":\"labgear-2979e\",\"storageBucket\":\"labgear-2979e.firebasestorage.app\"}","GCLOUD_PROJECT":"labgear-2979e","EVENTARC_CLOUD_EVENT_SOURCE":"projects/labgear-2979e/locations/us-central1/services/sendWelcomeEmailOnCreate","FUNCTION_SIGNATURE_TYPE":"cloudevent","FUNCTION_TARGET":"sendWelcomeEmailOnCreate","LOG_EXECUTION_ID":"true"},"ingressSettings":"ALLOW_ALL","serviceAccountEmail":"680397875552-compute@developer.gserviceaccount.com","availableMemory":"256Mi","maxInstanceRequestConcurrency":80,"availableCpu":"1"},"eventTrigger":{"trigger":"projects/labgear-2979e/locations/asia-south1/triggers/sendwelcomeemailoncreate-054792","triggerRegion":"asia-south1","eventType":"google.cloud.firestore.document.v1.created","eventFilters":[{"attribute":"database","value":"(default)"},{"attribute":"namespace","value":"(default)"},{"attribute":"document","value":"users/{userId}","operator":"match-path-pattern"}],"serviceAccountEmail":"680397875552-compute@developer.gserviceaccount.com","retryPolicy":"RETRY_POLICY_DO_NOT_RETRY"},"labels":{"deployment-tool":"cli-firebase","firebase-functions-hash":"bb56bb10c2f46964ff5e310c0253b578be78a60e"},"environment":"GEN_2"},"stages":[{"name":"BUILD","message":"Build in progress","state":"IN_PROGRESS","resource":"projects/680397875552/locations/us-central1/builds/33868ed0-4bd8-421b-a049-7347c9caf0b3","resourceUri":"https://console.cloud.google.com/cloud-build/builds;region=us-central1/33868ed0-4bd8-421b-a049-7347c9caf0b3?project=680397875552"},{"name":"SERVICE","state":"NOT_STARTED"},{"name":"TRIGGER","state":"NOT_STARTED"}],"operationType":"CREATE_FUNCTION","buildName":"projects/680397875552/locations/us-central1/builds/33868ed0-4bd8-421b-a049-7347c9caf0b3"},"done":false}
[debug] [2025-03-17T16:40:07.136Z] [create-default-us-central1-sendWelcomeEmailOnCreate] Retrying task index 0
[debug] [2025-03-17T16:40:07.136Z] Checked if tokens are valid: true, expires at: 1742230726901
[debug] [2025-03-17T16:40:07.136Z] Checked if tokens are valid: true, expires at: 1742230726901
[debug] [2025-03-17T16:40:07.136Z] >>> [apiv2][query] GET https://cloudfunctions.googleapis.com/v2/projects/labgear-2979e/locations/us-central1/operations/operation-1742229590950-6308c6fe2c2b0-52dbc0db-012148e8 [none]
[debug] [2025-03-17T16:40:08.527Z] <<< [apiv2][status] GET https://cloudfunctions.googleapis.com/v2/projects/labgear-2979e/locations/us-central1/operations/operation-1742229590950-6308c6fe2c2b0-52dbc0db-012148e8 200
[debug] [2025-03-17T16:40:08.527Z] <<< [apiv2][body] GET https://cloudfunctions.googleapis.com/v2/projects/labgear-2979e/locations/us-central1/operations/operation-1742229590950-6308c6fe2c2b0-52dbc0db-012148e8 {"name":"projects/labgear-2979e/locations/us-central1/operations/operation-1742229590950-6308c6fe2c2b0-52dbc0db-012148e8","metadata":{"@type":"type.googleapis.com/google.cloud.functions.v2.OperationMetadata","createTime":"2025-03-17T16:39:53.518632656Z","target":"projects/labgear-2979e/locations/us-central1/functions/sendWelcomeEmailOnCreate","verb":"create","cancelRequested":false,"apiVersion":"v2","requestResource":{"@type":"type.googleapis.com/google.cloud.functions.v2.Function","name":"projects/labgear-2979e/locations/us-central1/functions/sendWelcomeEmailOnCreate","buildConfig":{"runtime":"nodejs22","entryPoint":"sendWelcomeEmailOnCreate","source":{"storageSource":{"bucket":"gcf-v2-sources-680397875552-us-central1","object":"sendWelcomeEmailOnCreate/function-source.zip","generation":"1742229591212118"}},"environmentVariables":{"GOOGLE_NODE_RUN_SCRIPTS":""},"serviceAccount":"projects/labgear-2979e/serviceAccounts/680397875552-compute@developer.gserviceaccount.com","automaticUpdatePolicy":{}},"serviceConfig":{"service":"projects/labgear-2979e/locations/us-central1/services/sendwelcomeemailoncreate","timeoutSeconds":60,"environmentVariables":{"FIREBASE_CONFIG":"{\"projectId\":\"labgear-2979e\",\"storageBucket\":\"labgear-2979e.firebasestorage.app\"}","GCLOUD_PROJECT":"labgear-2979e","EVENTARC_CLOUD_EVENT_SOURCE":"projects/labgear-2979e/locations/us-central1/services/sendWelcomeEmailOnCreate","FUNCTION_SIGNATURE_TYPE":"cloudevent","FUNCTION_TARGET":"sendWelcomeEmailOnCreate","LOG_EXECUTION_ID":"true"},"ingressSettings":"ALLOW_ALL","serviceAccountEmail":"680397875552-compute@developer.gserviceaccount.com","availableMemory":"256Mi","maxInstanceRequestConcurrency":80,"availableCpu":"1"},"eventTrigger":{"trigger":"projects/labgear-2979e/locations/asia-south1/triggers/sendwelcomeemailoncreate-054792","triggerRegion":"asia-south1","eventType":"google.cloud.firestore.document.v1.created","eventFilters":[{"attribute":"database","value":"(default)"},{"attribute":"namespace","value":"(default)"},{"attribute":"document","value":"users/{userId}","operator":"match-path-pattern"}],"serviceAccountEmail":"680397875552-compute@developer.gserviceaccount.com","retryPolicy":"RETRY_POLICY_DO_NOT_RETRY"},"labels":{"deployment-tool":"cli-firebase","firebase-functions-hash":"bb56bb10c2f46964ff5e310c0253b578be78a60e"},"environment":"GEN_2"},"stages":[{"name":"BUILD","message":"Build in progress","state":"IN_PROGRESS","resource":"projects/680397875552/locations/us-central1/builds/33868ed0-4bd8-421b-a049-7347c9caf0b3","resourceUri":"https://console.cloud.google.com/cloud-build/builds;region=us-central1/33868ed0-4bd8-421b-a049-7347c9caf0b3?project=680397875552"},{"name":"SERVICE","state":"NOT_STARTED"},{"name":"TRIGGER","state":"NOT_STARTED"}],"operationType":"CREATE_FUNCTION","buildName":"projects/680397875552/locations/us-central1/builds/33868ed0-4bd8-421b-a049-7347c9caf0b3"},"done":false}
[debug] [2025-03-17T16:40:16.542Z] [create-default-us-central1-sendWelcomeEmailOnCreate] Retrying task index 0
[debug] [2025-03-17T16:40:16.542Z] Checked if tokens are valid: true, expires at: 1742230726901
[debug] [2025-03-17T16:40:16.543Z] Checked if tokens are valid: true, expires at: 1742230726901
[debug] [2025-03-17T16:40:16.543Z] >>> [apiv2][query] GET https://cloudfunctions.googleapis.com/v2/projects/labgear-2979e/locations/us-central1/operations/operation-1742229590950-6308c6fe2c2b0-52dbc0db-012148e8 [none]
[debug] [2025-03-17T16:40:17.978Z] <<< [apiv2][status] GET https://cloudfunctions.googleapis.com/v2/projects/labgear-2979e/locations/us-central1/operations/operation-1742229590950-6308c6fe2c2b0-52dbc0db-012148e8 200
[debug] [2025-03-17T16:40:17.978Z] <<< [apiv2][body] GET https://cloudfunctions.googleapis.com/v2/projects/labgear-2979e/locations/us-central1/operations/operation-1742229590950-6308c6fe2c2b0-52dbc0db-012148e8 {"name":"projects/labgear-2979e/locations/us-central1/operations/operation-1742229590950-6308c6fe2c2b0-52dbc0db-012148e8","metadata":{"@type":"type.googleapis.com/google.cloud.functions.v2.OperationMetadata","createTime":"2025-03-17T16:39:53.518632656Z","target":"projects/labgear-2979e/locations/us-central1/functions/sendWelcomeEmailOnCreate","verb":"create","cancelRequested":false,"apiVersion":"v2","requestResource":{"@type":"type.googleapis.com/google.cloud.functions.v2.Function","name":"projects/labgear-2979e/locations/us-central1/functions/sendWelcomeEmailOnCreate","buildConfig":{"runtime":"nodejs22","entryPoint":"sendWelcomeEmailOnCreate","source":{"storageSource":{"bucket":"gcf-v2-sources-680397875552-us-central1","object":"sendWelcomeEmailOnCreate/function-source.zip","generation":"1742229591212118"}},"environmentVariables":{"GOOGLE_NODE_RUN_SCRIPTS":""},"serviceAccount":"projects/labgear-2979e/serviceAccounts/680397875552-compute@developer.gserviceaccount.com","automaticUpdatePolicy":{}},"serviceConfig":{"service":"projects/labgear-2979e/locations/us-central1/services/sendwelcomeemailoncreate","timeoutSeconds":60,"environmentVariables":{"FIREBASE_CONFIG":"{\"projectId\":\"labgear-2979e\",\"storageBucket\":\"labgear-2979e.firebasestorage.app\"}","GCLOUD_PROJECT":"labgear-2979e","EVENTARC_CLOUD_EVENT_SOURCE":"projects/labgear-2979e/locations/us-central1/services/sendWelcomeEmailOnCreate","FUNCTION_SIGNATURE_TYPE":"cloudevent","FUNCTION_TARGET":"sendWelcomeEmailOnCreate","LOG_EXECUTION_ID":"true"},"ingressSettings":"ALLOW_ALL","serviceAccountEmail":"680397875552-compute@developer.gserviceaccount.com","availableMemory":"256Mi","maxInstanceRequestConcurrency":80,"availableCpu":"1"},"eventTrigger":{"trigger":"projects/labgear-2979e/locations/asia-south1/triggers/sendwelcomeemailoncreate-054792","triggerRegion":"asia-south1","eventType":"google.cloud.firestore.document.v1.created","eventFilters":[{"attribute":"database","value":"(default)"},{"attribute":"namespace","value":"(default)"},{"attribute":"document","value":"users/{userId}","operator":"match-path-pattern"}],"serviceAccountEmail":"680397875552-compute@developer.gserviceaccount.com","retryPolicy":"RETRY_POLICY_DO_NOT_RETRY"},"labels":{"deployment-tool":"cli-firebase","firebase-functions-hash":"bb56bb10c2f46964ff5e310c0253b578be78a60e"},"environment":"GEN_2"},"stages":[{"name":"BUILD","message":"Build in progress","state":"IN_PROGRESS","resource":"projects/680397875552/locations/us-central1/builds/33868ed0-4bd8-421b-a049-7347c9caf0b3","resourceUri":"https://console.cloud.google.com/cloud-build/builds;region=us-central1/33868ed0-4bd8-421b-a049-7347c9caf0b3?project=680397875552"},{"name":"SERVICE","state":"NOT_STARTED"},{"name":"TRIGGER","state":"NOT_STARTED"}],"operationType":"CREATE_FUNCTION","buildName":"projects/680397875552/locations/us-central1/builds/33868ed0-4bd8-421b-a049-7347c9caf0b3"},"done":false}
[debug] [2025-03-17T16:40:27.980Z] [create-default-us-central1-sendWelcomeEmailOnCreate] Retrying task index 0
[debug] [2025-03-17T16:40:27.981Z] Checked if tokens are valid: true, expires at: 1742230726901
[debug] [2025-03-17T16:40:27.981Z] Checked if tokens are valid: true, expires at: 1742230726901
[debug] [2025-03-17T16:40:27.981Z] >>> [apiv2][query] GET https://cloudfunctions.googleapis.com/v2/projects/labgear-2979e/locations/us-central1/operations/operation-1742229590950-6308c6fe2c2b0-52dbc0db-012148e8 [none]
[debug] [2025-03-17T16:40:29.422Z] <<< [apiv2][status] GET https://cloudfunctions.googleapis.com/v2/projects/labgear-2979e/locations/us-central1/operations/operation-1742229590950-6308c6fe2c2b0-52dbc0db-012148e8 200
[debug] [2025-03-17T16:40:29.422Z] <<< [apiv2][body] GET https://cloudfunctions.googleapis.com/v2/projects/labgear-2979e/locations/us-central1/operations/operation-1742229590950-6308c6fe2c2b0-52dbc0db-012148e8 {"name":"projects/labgear-2979e/locations/us-central1/operations/operation-1742229590950-6308c6fe2c2b0-52dbc0db-012148e8","metadata":{"@type":"type.googleapis.com/google.cloud.functions.v2.OperationMetadata","createTime":"2025-03-17T16:39:53.518632656Z","target":"projects/labgear-2979e/locations/us-central1/functions/sendWelcomeEmailOnCreate","verb":"create","cancelRequested":false,"apiVersion":"v2","requestResource":{"@type":"type.googleapis.com/google.cloud.functions.v2.Function","name":"projects/labgear-2979e/locations/us-central1/functions/sendWelcomeEmailOnCreate","buildConfig":{"runtime":"nodejs22","entryPoint":"sendWelcomeEmailOnCreate","source":{"storageSource":{"bucket":"gcf-v2-sources-680397875552-us-central1","object":"sendWelcomeEmailOnCreate/function-source.zip","generation":"1742229591212118"}},"environmentVariables":{"GOOGLE_NODE_RUN_SCRIPTS":""},"serviceAccount":"projects/labgear-2979e/serviceAccounts/680397875552-compute@developer.gserviceaccount.com","automaticUpdatePolicy":{}},"serviceConfig":{"service":"projects/labgear-2979e/locations/us-central1/services/sendwelcomeemailoncreate","timeoutSeconds":60,"environmentVariables":{"FIREBASE_CONFIG":"{\"projectId\":\"labgear-2979e\",\"storageBucket\":\"labgear-2979e.firebasestorage.app\"}","GCLOUD_PROJECT":"labgear-2979e","EVENTARC_CLOUD_EVENT_SOURCE":"projects/labgear-2979e/locations/us-central1/services/sendWelcomeEmailOnCreate","FUNCTION_SIGNATURE_TYPE":"cloudevent","FUNCTION_TARGET":"sendWelcomeEmailOnCreate","LOG_EXECUTION_ID":"true"},"ingressSettings":"ALLOW_ALL","serviceAccountEmail":"680397875552-compute@developer.gserviceaccount.com","availableMemory":"256Mi","maxInstanceRequestConcurrency":80,"availableCpu":"1"},"eventTrigger":{"trigger":"projects/labgear-2979e/locations/asia-south1/triggers/sendwelcomeemailoncreate-054792","triggerRegion":"asia-south1","eventType":"google.cloud.firestore.document.v1.created","eventFilters":[{"attribute":"database","value":"(default)"},{"attribute":"namespace","value":"(default)"},{"attribute":"document","value":"users/{userId}","operator":"match-path-pattern"}],"serviceAccountEmail":"680397875552-compute@developer.gserviceaccount.com","retryPolicy":"RETRY_POLICY_DO_NOT_RETRY"},"labels":{"deployment-tool":"cli-firebase","firebase-functions-hash":"bb56bb10c2f46964ff5e310c0253b578be78a60e"},"environment":"GEN_2"},"stages":[{"name":"BUILD","message":"Build in progress","state":"IN_PROGRESS","resource":"projects/680397875552/locations/us-central1/builds/33868ed0-4bd8-421b-a049-7347c9caf0b3","resourceUri":"https://console.cloud.google.com/cloud-build/builds;region=us-central1/33868ed0-4bd8-421b-a049-7347c9caf0b3?project=680397875552"},{"name":"SERVICE","state":"NOT_STARTED"},{"name":"TRIGGER","state":"NOT_STARTED"}],"operationType":"CREATE_FUNCTION","buildName":"projects/680397875552/locations/us-central1/builds/33868ed0-4bd8-421b-a049-7347c9caf0b3"},"done":false}
[debug] [2025-03-17T16:40:39.426Z] [create-default-us-central1-sendWelcomeEmailOnCreate] Retrying task index 0
[debug] [2025-03-17T16:40:39.426Z] Checked if tokens are valid: true, expires at: 1742230726901
[debug] [2025-03-17T16:40:39.426Z] Checked if tokens are valid: true, expires at: 1742230726901
[debug] [2025-03-17T16:40:39.426Z] >>> [apiv2][query] GET https://cloudfunctions.googleapis.com/v2/projects/labgear-2979e/locations/us-central1/operations/operation-1742229590950-6308c6fe2c2b0-52dbc0db-012148e8 [none]
[debug] [2025-03-17T16:40:40.982Z] <<< [apiv2][status] GET https://cloudfunctions.googleapis.com/v2/projects/labgear-2979e/locations/us-central1/operations/operation-1742229590950-6308c6fe2c2b0-52dbc0db-012148e8 200
[debug] [2025-03-17T16:40:40.982Z] <<< [apiv2][body] GET https://cloudfunctions.googleapis.com/v2/projects/labgear-2979e/locations/us-central1/operations/operation-1742229590950-6308c6fe2c2b0-52dbc0db-012148e8 {"name":"projects/labgear-2979e/locations/us-central1/operations/operation-1742229590950-6308c6fe2c2b0-52dbc0db-012148e8","metadata":{"@type":"type.googleapis.com/google.cloud.functions.v2.OperationMetadata","createTime":"2025-03-17T16:39:53.518632656Z","target":"projects/labgear-2979e/locations/us-central1/functions/sendWelcomeEmailOnCreate","verb":"create","cancelRequested":false,"apiVersion":"v2","requestResource":{"@type":"type.googleapis.com/google.cloud.functions.v2.Function","name":"projects/labgear-2979e/locations/us-central1/functions/sendWelcomeEmailOnCreate","buildConfig":{"runtime":"nodejs22","entryPoint":"sendWelcomeEmailOnCreate","source":{"storageSource":{"bucket":"gcf-v2-sources-680397875552-us-central1","object":"sendWelcomeEmailOnCreate/function-source.zip","generation":"1742229591212118"}},"environmentVariables":{"GOOGLE_NODE_RUN_SCRIPTS":""},"serviceAccount":"projects/labgear-2979e/serviceAccounts/680397875552-compute@developer.gserviceaccount.com","automaticUpdatePolicy":{}},"serviceConfig":{"service":"projects/labgear-2979e/locations/us-central1/services/sendwelcomeemailoncreate","timeoutSeconds":60,"environmentVariables":{"FIREBASE_CONFIG":"{\"projectId\":\"labgear-2979e\",\"storageBucket\":\"labgear-2979e.firebasestorage.app\"}","GCLOUD_PROJECT":"labgear-2979e","EVENTARC_CLOUD_EVENT_SOURCE":"projects/labgear-2979e/locations/us-central1/services/sendWelcomeEmailOnCreate","FUNCTION_SIGNATURE_TYPE":"cloudevent","FUNCTION_TARGET":"sendWelcomeEmailOnCreate","LOG_EXECUTION_ID":"true"},"ingressSettings":"ALLOW_ALL","serviceAccountEmail":"680397875552-compute@developer.gserviceaccount.com","availableMemory":"256Mi","maxInstanceRequestConcurrency":80,"availableCpu":"1"},"eventTrigger":{"trigger":"projects/labgear-2979e/locations/asia-south1/triggers/sendwelcomeemailoncreate-054792","triggerRegion":"asia-south1","eventType":"google.cloud.firestore.document.v1.created","eventFilters":[{"attribute":"database","value":"(default)"},{"attribute":"namespace","value":"(default)"},{"attribute":"document","value":"users/{userId}","operator":"match-path-pattern"}],"serviceAccountEmail":"680397875552-compute@developer.gserviceaccount.com","retryPolicy":"RETRY_POLICY_DO_NOT_RETRY"},"labels":{"deployment-tool":"cli-firebase","firebase-functions-hash":"bb56bb10c2f46964ff5e310c0253b578be78a60e"},"environment":"GEN_2"},"stages":[{"name":"BUILD","message":"Build in progress","state":"IN_PROGRESS","resource":"projects/680397875552/locations/us-central1/builds/33868ed0-4bd8-421b-a049-7347c9caf0b3","resourceUri":"https://console.cloud.google.com/cloud-build/builds;region=us-central1/33868ed0-4bd8-421b-a049-7347c9caf0b3?project=680397875552"},{"name":"SERVICE","state":"NOT_STARTED"},{"name":"TRIGGER","state":"NOT_STARTED"}],"operationType":"CREATE_FUNCTION","buildName":"projects/680397875552/locations/us-central1/builds/33868ed0-4bd8-421b-a049-7347c9caf0b3"},"done":false}
[debug] [2025-03-17T16:40:50.991Z] [create-default-us-central1-sendWelcomeEmailOnCreate] Retrying task index 0
[debug] [2025-03-17T16:40:50.991Z] Checked if tokens are valid: true, expires at: 1742230726901
[debug] [2025-03-17T16:40:50.991Z] Checked if tokens are valid: true, expires at: 1742230726901
[debug] [2025-03-17T16:40:50.992Z] >>> [apiv2][query] GET https://cloudfunctions.googleapis.com/v2/projects/labgear-2979e/locations/us-central1/operations/operation-1742229590950-6308c6fe2c2b0-52dbc0db-012148e8 [none]
[debug] [2025-03-17T16:40:52.453Z] <<< [apiv2][status] GET https://cloudfunctions.googleapis.com/v2/projects/labgear-2979e/locations/us-central1/operations/operation-1742229590950-6308c6fe2c2b0-52dbc0db-012148e8 200
[debug] [2025-03-17T16:40:52.454Z] <<< [apiv2][body] GET https://cloudfunctions.googleapis.com/v2/projects/labgear-2979e/locations/us-central1/operations/operation-1742229590950-6308c6fe2c2b0-52dbc0db-012148e8 {"name":"projects/labgear-2979e/locations/us-central1/operations/operation-1742229590950-6308c6fe2c2b0-52dbc0db-012148e8","metadata":{"@type":"type.googleapis.com/google.cloud.functions.v2.OperationMetadata","createTime":"2025-03-17T16:39:53.518632656Z","target":"projects/labgear-2979e/locations/us-central1/functions/sendWelcomeEmailOnCreate","verb":"create","cancelRequested":false,"apiVersion":"v2","requestResource":{"@type":"type.googleapis.com/google.cloud.functions.v2.Function","name":"projects/labgear-2979e/locations/us-central1/functions/sendWelcomeEmailOnCreate","buildConfig":{"runtime":"nodejs22","entryPoint":"sendWelcomeEmailOnCreate","source":{"storageSource":{"bucket":"gcf-v2-sources-680397875552-us-central1","object":"sendWelcomeEmailOnCreate/function-source.zip","generation":"1742229591212118"}},"environmentVariables":{"GOOGLE_NODE_RUN_SCRIPTS":""},"serviceAccount":"projects/labgear-2979e/serviceAccounts/680397875552-compute@developer.gserviceaccount.com","automaticUpdatePolicy":{}},"serviceConfig":{"service":"projects/labgear-2979e/locations/us-central1/services/sendwelcomeemailoncreate","timeoutSeconds":60,"environmentVariables":{"FIREBASE_CONFIG":"{\"projectId\":\"labgear-2979e\",\"storageBucket\":\"labgear-2979e.firebasestorage.app\"}","GCLOUD_PROJECT":"labgear-2979e","EVENTARC_CLOUD_EVENT_SOURCE":"projects/labgear-2979e/locations/us-central1/services/sendWelcomeEmailOnCreate","FUNCTION_SIGNATURE_TYPE":"cloudevent","FUNCTION_TARGET":"sendWelcomeEmailOnCreate","LOG_EXECUTION_ID":"true"},"ingressSettings":"ALLOW_ALL","serviceAccountEmail":"680397875552-compute@developer.gserviceaccount.com","availableMemory":"256Mi","maxInstanceRequestConcurrency":80,"availableCpu":"1"},"eventTrigger":{"trigger":"projects/labgear-2979e/locations/asia-south1/triggers/sendwelcomeemailoncreate-054792","triggerRegion":"asia-south1","eventType":"google.cloud.firestore.document.v1.created","eventFilters":[{"attribute":"database","value":"(default)"},{"attribute":"namespace","value":"(default)"},{"attribute":"document","value":"users/{userId}","operator":"match-path-pattern"}],"serviceAccountEmail":"680397875552-compute@developer.gserviceaccount.com","retryPolicy":"RETRY_POLICY_DO_NOT_RETRY"},"labels":{"deployment-tool":"cli-firebase","firebase-functions-hash":"bb56bb10c2f46964ff5e310c0253b578be78a60e"},"environment":"GEN_2"},"stages":[{"name":"BUILD","message":"Build finished","state":"COMPLETE","resource":"projects/680397875552/locations/us-central1/builds/33868ed0-4bd8-421b-a049-7347c9caf0b3","resourceUri":"https://console.cloud.google.com/cloud-build/builds;region=us-central1/33868ed0-4bd8-421b-a049-7347c9caf0b3?project=680397875552"},{"name":"SERVICE","message":"Creating Cloud Run service","state":"IN_PROGRESS","resource":"projects/labgear-2979e/locations/us-central1/services/sendwelcomeemailoncreate","resourceUri":"https://console.cloud.google.com/run/detail/us-central1/sendwelcomeemailoncreate?project=labgear-2979e"},{"name":"TRIGGER","state":"NOT_STARTED"}],"sourceToken":"Cldwcm9qZWN0cy82ODAzOTc4NzU1NTIvbG9jYXRpb25zL3VzLWNlbnRyYWwxL2J1aWxkcy8zMzg2OGVkMC00YmQ4LTQyMWItYTA0OS03MzQ3YzljYWYwYjMSe3VzLWNlbnRyYWwxLWRvY2tlci5wa2cuZGV2L2xhYmdlYXItMjk3OWUvZ2NmLWFydGlmYWN0cy9sYWJnZWFyLS0yOTc5ZV9fdXMtLWNlbnRyYWwxX19zZW5kX3dlbGNvbWVfZW1haWxfb25fY3JlYXRlOnZlcnNpb25fMRjg0v7W5hMiT3Byb2plY3RzL2xhYmdlYXItMjk3OWUvbG9jYXRpb25zL3VzLWNlbnRyYWwxL2Z1bmN0aW9ucy9zZW5kV2VsY29tZUVtYWlsT25DcmVhdGUqDAiNoeG+BhCA+67dATIIbm9kZWpzMjI6dgojZ2NyLmlvL2dhZS1ydW50aW1lcy9ub2RlanMyMjpzdGFibGUST3VzLWNlbnRyYWwxLWRvY2tlci5wa2cuZGV2L3NlcnZlcmxlc3MtcnVudGltZXMvZ29vZ2xlLTIyLWZ1bGwvcnVudGltZXMvbm9kZWpzMjJAAQ==","operationType":"CREATE_FUNCTION","buildName":"projects/680397875552/locations/us-central1/builds/33868ed0-4bd8-421b-a049-7347c9caf0b3"},"done":false}
[debug] [2025-03-17T16:40:52.454Z] Got source token Cldwcm9qZWN0cy82ODAzOTc4NzU1NTIvbG9jYXRpb25zL3VzLWNlbnRyYWwxL2J1aWxkcy8zMzg2OGVkMC00YmQ4LTQyMWItYTA0OS03MzQ3YzljYWYwYjMSe3VzLWNlbnRyYWwxLWRvY2tlci5wa2cuZGV2L2xhYmdlYXItMjk3OWUvZ2NmLWFydGlmYWN0cy9sYWJnZWFyLS0yOTc5ZV9fdXMtLWNlbnRyYWwxX19zZW5kX3dlbGNvbWVfZW1haWxfb25fY3JlYXRlOnZlcnNpb25fMRjg0v7W5hMiT3Byb2plY3RzL2xhYmdlYXItMjk3OWUvbG9jYXRpb25zL3VzLWNlbnRyYWwxL2Z1bmN0aW9ucy9zZW5kV2VsY29tZUVtYWlsT25DcmVhdGUqDAiNoeG+BhCA+67dATIIbm9kZWpzMjI6dgojZ2NyLmlvL2dhZS1ydW50aW1lcy9ub2RlanMyMjpzdGFibGUST3VzLWNlbnRyYWwxLWRvY2tlci5wa2cuZGV2L3NlcnZlcmxlc3MtcnVudGltZXMvZ29vZ2xlLTIyLWZ1bGwvcnVudGltZXMvbm9kZWpzMjJAAQ== for region us-central1
[debug] [2025-03-17T16:41:02.455Z] [create-default-us-central1-sendWelcomeEmailOnCreate] Retrying task index 0
[debug] [2025-03-17T16:41:02.455Z] Checked if tokens are valid: true, expires at: 1742230726901
[debug] [2025-03-17T16:41:02.455Z] Checked if tokens are valid: true, expires at: 1742230726901
[debug] [2025-03-17T16:41:02.455Z] >>> [apiv2][query] GET https://cloudfunctions.googleapis.com/v2/projects/labgear-2979e/locations/us-central1/operations/operation-1742229590950-6308c6fe2c2b0-52dbc0db-012148e8 [none]
[debug] [2025-03-17T16:41:03.921Z] <<< [apiv2][status] GET https://cloudfunctions.googleapis.com/v2/projects/labgear-2979e/locations/us-central1/operations/operation-1742229590950-6308c6fe2c2b0-52dbc0db-012148e8 200
[debug] [2025-03-17T16:41:03.921Z] <<< [apiv2][body] GET https://cloudfunctions.googleapis.com/v2/projects/labgear-2979e/locations/us-central1/operations/operation-1742229590950-6308c6fe2c2b0-52dbc0db-012148e8 {"name":"projects/labgear-2979e/locations/us-central1/operations/operation-1742229590950-6308c6fe2c2b0-52dbc0db-012148e8","metadata":{"@type":"type.googleapis.com/google.cloud.functions.v2.OperationMetadata","createTime":"2025-03-17T16:39:53.518632656Z","endTime":"2025-03-17T16:40:59.643268361Z","target":"projects/labgear-2979e/locations/us-central1/functions/sendWelcomeEmailOnCreate","verb":"create","cancelRequested":false,"apiVersion":"v2","requestResource":{"@type":"type.googleapis.com/google.cloud.functions.v2.Function","name":"projects/labgear-2979e/locations/us-central1/functions/sendWelcomeEmailOnCreate","buildConfig":{"runtime":"nodejs22","entryPoint":"sendWelcomeEmailOnCreate","source":{"storageSource":{"bucket":"gcf-v2-sources-680397875552-us-central1","object":"sendWelcomeEmailOnCreate/function-source.zip","generation":"1742229591212118"}},"environmentVariables":{"GOOGLE_NODE_RUN_SCRIPTS":""},"serviceAccount":"projects/labgear-2979e/serviceAccounts/680397875552-compute@developer.gserviceaccount.com","automaticUpdatePolicy":{}},"serviceConfig":{"service":"projects/labgear-2979e/locations/us-central1/services/sendwelcomeemailoncreate","timeoutSeconds":60,"environmentVariables":{"FIREBASE_CONFIG":"{\"projectId\":\"labgear-2979e\",\"storageBucket\":\"labgear-2979e.firebasestorage.app\"}","GCLOUD_PROJECT":"labgear-2979e","EVENTARC_CLOUD_EVENT_SOURCE":"projects/labgear-2979e/locations/us-central1/services/sendWelcomeEmailOnCreate","FUNCTION_SIGNATURE_TYPE":"cloudevent","FUNCTION_TARGET":"sendWelcomeEmailOnCreate","LOG_EXECUTION_ID":"true"},"ingressSettings":"ALLOW_ALL","serviceAccountEmail":"680397875552-compute@developer.gserviceaccount.com","availableMemory":"256Mi","maxInstanceRequestConcurrency":80,"availableCpu":"1"},"eventTrigger":{"trigger":"projects/labgear-2979e/locations/asia-south1/triggers/sendwelcomeemailoncreate-054792","triggerRegion":"asia-south1","eventType":"google.cloud.firestore.document.v1.created","eventFilters":[{"attribute":"database","value":"(default)"},{"attribute":"namespace","value":"(default)"},{"attribute":"document","value":"users/{userId}","operator":"match-path-pattern"}],"serviceAccountEmail":"680397875552-compute@developer.gserviceaccount.com","retryPolicy":"RETRY_POLICY_DO_NOT_RETRY"},"labels":{"deployment-tool":"cli-firebase","firebase-functions-hash":"bb56bb10c2f46964ff5e310c0253b578be78a60e"},"environment":"GEN_2"},"stages":[{"name":"ARTIFACT_REGISTRY","message":"Deleting function artifacts in Artifact Registry","state":"COMPLETE"},{"name":"SERVICE","message":"Deleting Cloud Run service","state":"COMPLETE","resource":"projects/labgear-2979e/locations/us-central1/services/sendwelcomeemailoncreate"},{"name":"TRIGGER","message":"Deleting Eventarc trigger","state":"COMPLETE","resource":"projects/labgear-2979e/locations/asia-south1/triggers/sendwelcomeemailoncreate-054792"}],"operationType":"CREATE_FUNCTION"},"done":true,"error":{"code":3,"message":"Could not create or update Cloud Run service sendwelcomeemailoncreate, Container Healthcheck failed. Revision 'sendwelcomeemailoncreate-00001-rab' is not ready and cannot serve traffic. The user-provided container failed to start and listen on the port defined provided by the PORT=8080 environment variable within the allocated timeout. This can happen when the container port is misconfigured or if the timeout is too short. The health check timeout can be extended. Logs for this revision might contain more information.\n\nLogs URL: https://console.cloud.google.com/logs/viewer?project=labgear-2979e&resource=cloud_run_revision/service_name/sendwelcomeemailoncreate/revision_name/sendwelcomeemailoncreate-00001-rab&advancedFilter=resource.type%3D%22cloud_run_revision%22%0Aresource.labels.service_name%3D%22sendwelcomeemailoncreate%22%0Aresource.labels.revision_name%3D%22sendwelcomeemailoncreate-00001-rab%22 \nFor more troubleshooting guidance, see https://cloud.google.com/run/docs/troubleshooting#container-failed-to-start"}}
[debug] [2025-03-17T16:41:03.921Z] Got source token undefined for region us-central1
[error] Could not create or update Cloud Run service sendwelcomeemailoncreate, Container Healthcheck failed. Revision 'sendwelcomeemailoncreate-00001-rab' is not ready and cannot serve traffic. The user-provided container failed to start and listen on the port defined provided by the PORT=8080 environment variable within the allocated timeout. This can happen when the container port is misconfigured or if the timeout is too short. The health check timeout can be extended. Logs for this revision might contain more information.

Logs URL: https://console.cloud.google.com/logs/viewer?project=labgear-2979e&resource=cloud_run_revision/service_name/sendwelcomeemailoncreate/revision_name/sendwelcomeemailoncreate-00001-rab&advancedFilter=resource.type%3D%22cloud_run_revision%22%0Aresource.labels.service_name%3D%22sendwelcomeemailoncreate%22%0Aresource.labels.revision_name%3D%22sendwelcomeemailoncreate-00001-rab%22 
For more troubleshooting guidance, see https://cloud.google.com/run/docs/troubleshooting#container-failed-to-start
[debug] [2025-03-17T16:41:03.941Z] Total Function Deployment time: 73747
[debug] [2025-03-17T16:41:03.941Z] 1 Functions Deployed
[debug] [2025-03-17T16:41:03.941Z] 1 Functions Errored
[debug] [2025-03-17T16:41:03.941Z] 0 Function Deployments Aborted
[debug] [2025-03-17T16:41:03.941Z] Average Function Deployment time: 73745
[info] 
[info] Functions deploy had errors with the following functions:
	sendWelcomeEmailOnCreate(us-central1)
[info] i  functions: cleaning up build files... 
[debug] [2025-03-17T16:41:04.198Z] Checked if tokens are valid: true, expires at: 1742230726901
[debug] [2025-03-17T16:41:04.198Z] Checked if tokens are valid: true, expires at: 1742230726901
[debug] [2025-03-17T16:41:04.198Z] Checked if tokens are valid: true, expires at: 1742230726901
[debug] [2025-03-17T16:41:04.198Z] Checked if tokens are valid: true, expires at: 1742230726901
[debug] [2025-03-17T16:41:04.199Z] >>> [apiv2][query] DELETE https://artifactregistry.googleapis.com/v1beta2/projects/labgear-2979e/locations/us-central1/repositories/gcf-artifacts/packages/send_welcome_email_on_create [none]
[debug] [2025-03-17T16:41:04.199Z] >>> [apiv2][query] GET https://us.gcr.io/v2/labgear-2979e/gcf/us-central1/tags/list [none]
[debug] [2025-03-17T16:41:05.041Z] <<< [apiv2][status] GET https://us.gcr.io/v2/labgear-2979e/gcf/us-central1/tags/list 404
[debug] [2025-03-17T16:41:05.042Z] <<< [apiv2][body] GET https://us.gcr.io/v2/labgear-2979e/gcf/us-central1/tags/list {"errors":[{"code":"NAME_UNKNOWN","message":"Repository \"us.gcr.io\" not found"}]}
[debug] [2025-03-17T16:41:05.043Z] Failed docker command with error  Request to https://us.gcr.io/v2/labgear-2979e/gcf/us-central1/tags/list had HTTP Error: 404, Not Found {"name":"FirebaseError","children":[],"context":{"body":{"errors":[{"code":"NAME_UNKNOWN","message":"Repository \"us.gcr.io\" not found"}],"error":{"message":"Not Found"}},"response":{"statusCode":404}},"exit":1,"message":"Request to https://us.gcr.io/v2/labgear-2979e/gcf/us-central1/tags/list had HTTP Error: 404, Not Found","status":404}
[debug] [2025-03-17T16:41:05.053Z] Checked if tokens are valid: true, expires at: 1742230726901
[debug] [2025-03-17T16:41:05.053Z] Checked if tokens are valid: true, expires at: 1742230726901
[debug] [2025-03-17T16:41:05.053Z] >>> [apiv2][query] GET https://us.gcr.io/v2/labgear-2979e/gcf/us-central1/tags/list [none]
[debug] [2025-03-17T16:41:05.660Z] <<< [apiv2][status] GET https://us.gcr.io/v2/labgear-2979e/gcf/us-central1/tags/list 404
[debug] [2025-03-17T16:41:05.660Z] <<< [apiv2][body] GET https://us.gcr.io/v2/labgear-2979e/gcf/us-central1/tags/list {"errors":[{"code":"NAME_UNKNOWN","message":"Repository \"us.gcr.io\" not found"}]}
[debug] [2025-03-17T16:41:05.660Z] Failed docker command with error  Request to https://us.gcr.io/v2/labgear-2979e/gcf/us-central1/tags/list had HTTP Error: 404, Not Found {"name":"FirebaseError","children":[],"context":{"body":{"errors":[{"code":"NAME_UNKNOWN","message":"Repository \"us.gcr.io\" not found"}],"error":{"message":"Not Found"}},"response":{"statusCode":404}},"exit":1,"message":"Request to https://us.gcr.io/v2/labgear-2979e/gcf/us-central1/tags/list had HTTP Error: 404, Not Found","status":404}
[debug] [2025-03-17T16:41:05.681Z] <<< [apiv2][status] DELETE https://artifactregistry.googleapis.com/v1beta2/projects/labgear-2979e/locations/us-central1/repositories/gcf-artifacts/packages/send_welcome_email_on_create 404
[debug] [2025-03-17T16:41:05.681Z] <<< [apiv2][body] DELETE https://artifactregistry.googleapis.com/v1beta2/projects/labgear-2979e/locations/us-central1/repositories/gcf-artifacts/packages/send_welcome_email_on_create {"error":{"code":404,"message":"Package \"projects/labgear-2979e/locations/us-central1/repositories/gcf-artifacts/packages/send_welcome_email_on_create\" was not found.","status":"NOT_FOUND"}}
[debug] [2025-03-17T16:41:05.769Z] Checked if tokens are valid: true, expires at: 1742230726901
[debug] [2025-03-17T16:41:05.769Z] Checked if tokens are valid: true, expires at: 1742230726901
[debug] [2025-03-17T16:41:05.770Z] >>> [apiv2][query] GET https://us.gcr.io/v2/labgear-2979e/gcf/us-central1/tags/list [none]
[debug] [2025-03-17T16:41:06.252Z] <<< [apiv2][status] GET https://us.gcr.io/v2/labgear-2979e/gcf/us-central1/tags/list 404
[debug] [2025-03-17T16:41:06.252Z] <<< [apiv2][body] GET https://us.gcr.io/v2/labgear-2979e/gcf/us-central1/tags/list {"errors":[{"code":"NAME_UNKNOWN","message":"Repository \"us.gcr.io\" not found"}]}
[debug] [2025-03-17T16:41:06.252Z] Failed docker command with error  Request to https://us.gcr.io/v2/labgear-2979e/gcf/us-central1/tags/list had HTTP Error: 404, Not Found {"name":"FirebaseError","children":[],"context":{"body":{"errors":[{"code":"NAME_UNKNOWN","message":"Repository \"us.gcr.io\" not found"}],"error":{"message":"Not Found"}},"response":{"statusCode":404}},"exit":1,"message":"Request to https://us.gcr.io/v2/labgear-2979e/gcf/us-central1/tags/list had HTTP Error: 404, Not Found","status":404}
[warn] !  functions: Unhandled error cleaning up build images. This could result in a small monthly bill if not corrected. You can attempt to delete these images by redeploying or you can delete them manually at https://console.cloud.google.com/gcr/images/labgear-2979e/us/gcf 
[debug] [2025-03-17T16:41:06.253Z] Functions deploy failed.
[debug] [2025-03-17T16:41:06.253Z] {
  "endpoint": {
    "id": "sendWelcomeEmailOnCreate",
    "project": "labgear-2979e",
    "region": "us-central1",
    "entryPoint": "sendWelcomeEmailOnCreate",
    "platform": "gcfv2",
    "runtime": "nodejs22",
    "eventTrigger": {
      "eventType": "google.cloud.firestore.document.v1.created",
      "retry": false,
      "eventFilters": {
        "database": "(default)",
        "namespace": "(default)"
      },
      "eventFilterPathPatterns": {
        "document": "users/{userId}"
      },
      "region": "asia-south1"
    },
    "labels": {
      "deployment-tool": "cli-firebase"
    },
    "ingressSettings": null,
    "availableMemoryMb": null,
    "serviceAccount": null,
    "timeoutSeconds": null,
    "maxInstances": null,
    "minInstances": null,
    "concurrency": 80,
    "vpc": null,
    "environmentVariables": {
      "FIREBASE_CONFIG": "{\"projectId\":\"labgear-2979e\",\"storageBucket\":\"labgear-2979e.firebasestorage.app\"}",
      "GCLOUD_PROJECT": "labgear-2979e",
      "EVENTARC_CLOUD_EVENT_SOURCE": "projects/labgear-2979e/locations/us-central1/services/sendWelcomeEmailOnCreate"
    },
    "codebase": "default",
    "cpu": 1,
    "targetedByOnly": false,
    "hash": "bb56bb10c2f46964ff5e310c0253b578be78a60e"
  },
  "op": "create",
  "original": {
    "name": "FirebaseError",
    "children": [],
    "exit": 1,
    "message": "Could not create or update Cloud Run service sendwelcomeemailoncreate, Container Healthcheck failed. Revision 'sendwelcomeemailoncreate-00001-rab' is not ready and cannot serve traffic. The user-provided container failed to start and listen on the port defined provided by the PORT=8080 environment variable within the allocated timeout. This can happen when the container port is misconfigured or if the timeout is too short. The health check timeout can be extended. Logs for this revision might contain more information.\n\nLogs URL: https://console.cloud.google.com/logs/viewer?project=labgear-2979e&resource=cloud_run_revision/service_name/sendwelcomeemailoncreate/revision_name/sendwelcomeemailoncreate-00001-rab&advancedFilter=resource.type%3D%22cloud_run_revision%22%0Aresource.labels.service_name%3D%22sendwelcomeemailoncreate%22%0Aresource.labels.revision_name%3D%22sendwelcomeemailoncreate-00001-rab%22 \nFor more troubleshooting guidance, see https://cloud.google.com/run/docs/troubleshooting#container-failed-to-start",
    "original": {
      "code": 3,
      "message": "Could not create or update Cloud Run service sendwelcomeemailoncreate, Container Healthcheck failed. Revision 'sendwelcomeemailoncreate-00001-rab' is not ready and cannot serve traffic. The user-provided container failed to start and listen on the port defined provided by the PORT=8080 environment variable within the allocated timeout. This can happen when the container port is misconfigured or if the timeout is too short. The health check timeout can be extended. Logs for this revision might contain more information.\n\nLogs URL: https://console.cloud.google.com/logs/viewer?project=labgear-2979e&resource=cloud_run_revision/service_name/sendwelcomeemailoncreate/revision_name/sendwelcomeemailoncreate-00001-rab&advancedFilter=resource.type%3D%22cloud_run_revision%22%0Aresource.labels.service_name%3D%22sendwelcomeemailoncreate%22%0Aresource.labels.revision_name%3D%22sendwelcomeemailoncreate-00001-rab%22 \nFor more troubleshooting guidance, see https://cloud.google.com/run/docs/troubleshooting#container-failed-to-start"
    },
    "status": 3,
    "code": 3
  }
}
[debug] [2025-03-17T16:41:06.339Z] Error: Failed to create function sendWelcomeEmailOnCreate in region us-central1
    at C:\Users\Madhukar\AppData\Roaming\npm\node_modules\firebase-tools\lib\deploy\functions\release\fabricator.js:294:27
    at process.processTicksAndRejections (node:internal/process/task_queues:95:5)
    at async Fabricator.createV2Function (C:\Users\Madhukar\AppData\Roaming\npm\node_modules\firebase-tools\lib\deploy\functions\release\fabricator.js:278:30)
    at async Fabricator.createEndpoint (C:\Users\Madhukar\AppData\Roaming\npm\node_modules\firebase-tools\lib\deploy\functions\release\fabricator.js:137:13)
    at async handle (C:\Users\Madhukar\AppData\Roaming\npm\node_modules\firebase-tools\lib\deploy\functions\release\fabricator.js:89:17)
[error] 
[error] Error: There was an error deploying functions
